\BOOKMARK [1][-]{section.1}{\376\377\131\015\116\140\117\030\121\110\176\247\140\073\211\310}{}% 1
\BOOKMARK [1][-]{section.2}{\376\377\145\160\133\146\127\372\170\100}{}% 2
\BOOKMARK [2][-]{subsection.2.1}{\376\377\124\021\221\317\060\001\167\351\226\065\116\016\203\003\145\160}{section.2}% 3
\BOOKMARK [2][-]{subsection.2.2}{\376\377\136\070\165\050\116\015\173\111\137\017\000\040\000P\0001\000\040\232\330\230\221}{section.2}% 4
\BOOKMARK [1][-]{section.3}{\376\377\121\370\226\306}{}% 5
\BOOKMARK [2][-]{subsection.3.1}{\376\377\121\370\226\306\133\232\116\111\000\040\000P\0000\000\040\137\305\200\003}{section.3}% 6
\BOOKMARK [2][-]{subsection.3.2}{\376\377\136\070\211\301\121\370\226\306\000\040\000P\0000\000\040\137\305\200\003}{section.3}% 7
\BOOKMARK [2][-]{subsection.3.3}{\376\377\121\370\226\306\166\204\117\335\121\370\217\320\173\227\000\040\000P\0000\000\040\137\305\200\003}{section.3}% 8
\BOOKMARK [2][-]{subsection.3.4}{\376\377\121\370\123\005\000\040\000P\0001\000\040\232\330\230\221}{section.3}% 9
\BOOKMARK [1][-]{section.4}{\376\377\121\370\121\375\145\160}{}% 10
\BOOKMARK [2][-]{subsection.4.1}{\376\377\121\370\121\375\145\160\133\232\116\111\000\040\000P\0000\000\040\137\305\200\003}{section.4}% 11
\BOOKMARK [2][-]{subsection.4.2}{\376\377\121\371\121\375\145\160}{section.4}% 12
\BOOKMARK [2][-]{subsection.4.3}{\376\377\116\000\226\066\122\044\122\053\147\141\116\366\000\040\000P\0000\000\040\137\305\200\003}{section.4}% 13
\BOOKMARK [2][-]{subsection.4.4}{\376\377\116\214\226\066\122\044\122\053\147\141\116\366\000\040\000P\0000\000\040\137\305\200\003}{section.4}% 14
\BOOKMARK [2][-]{subsection.4.5}{\376\377\136\070\211\301\121\370\121\375\145\160\000\040\000P\0000\000\040\137\305\200\003}{section.4}% 15
\BOOKMARK [2][-]{subsection.4.6}{\376\377\117\335\121\370\217\320\173\227\000\040\000P\0000\000\040\137\305\200\003}{section.4}% 16
\BOOKMARK [2][-]{subsection.4.7}{\376\377\116\012\126\376\116\016\121\370\140\047\000\040\000P\0001\000\040\232\330\230\221}{section.4}% 17
\BOOKMARK [1][-]{section.5}{\376\377\142\337\121\370\121\375\145\160}{}% 18
\BOOKMARK [2][-]{subsection.5.1}{\376\377\133\232\116\111\000\040\000P\0001\000\040\232\330\230\221}{section.5}% 19
\BOOKMARK [2][-]{subsection.5.2}{\376\377\121\370\121\375\145\160\116\016\142\337\121\370\121\375\145\160\166\204\121\163\174\373}{section.5}% 20
\BOOKMARK [1][-]{section.6}{\376\377\121\370\117\030\123\026\225\356\230\230\150\007\121\306\137\142\137\017}{}% 21
\BOOKMARK [2][-]{subsection.6.1}{\376\377\116\000\202\054\137\142\137\017\000\040\000P\0000\000\040\137\305\200\003}{section.6}% 22
\BOOKMARK [2][-]{subsection.6.2}{\376\377\123\357\210\114\226\306}{section.6}% 23
\BOOKMARK [2][-]{subsection.6.3}{\376\377\121\150\134\100\147\000\117\030\140\047\000\040\000P\0000\000\040\137\305\200\003}{section.6}% 24
\BOOKMARK [1][-]{section.7}{\376\377\121\170\127\213\121\370\117\030\123\026\152\041\127\213}{}% 25
\BOOKMARK [2][-]{subsection.7.1}{\376\377\176\277\140\047\211\304\122\022\000\040\000L\000P\000\040\000P\0000\000\040\137\305\200\003}{section.7}% 26
\BOOKMARK [2][-]{subsection.7.2}{\376\377\116\214\153\041\211\304\122\022\000\040\000Q\000P\000\040\000P\0000\000\040\137\305\200\003}{section.7}% 27
\BOOKMARK [2][-]{subsection.7.3}{\376\377\116\214\226\066\225\045\211\304\122\022\000\040\000S\000O\000C\000P\000\040\000P\0001\000\040\232\330\230\221}{section.7}% 28
\BOOKMARK [2][-]{subsection.7.4}{\376\377\123\112\133\232\211\304\122\022\000\040\000S\000D\000P\000\040\000P\0001\000\040\232\330\230\221}{section.7}% 29
\BOOKMARK [1][-]{section.8}{\376\377\145\340\176\246\147\137\121\370\117\030\123\026}{}% 30
\BOOKMARK [2][-]{subsection.8.1}{\376\377\147\000\117\030\140\047\147\141\116\366\000\040\000P\0000\000\040\137\305\200\003}{section.8}% 31
\BOOKMARK [2][-]{subsection.8.2}{\376\377\137\072\121\370\121\375\145\160\000\040\000P\0000\000\040\137\305\200\003}{section.8}% 32
\BOOKMARK [2][-]{subsection.8.3}{\376\377\000L\000i\000p\000s\000c\000h\000i\000t\000z\000\040\150\257\136\246\000\040\000P\0001\000\040\232\330\230\221}{section.8}% 33
\BOOKMARK [2][-]{subsection.8.4}{\376\377\150\257\136\246\116\013\226\115\154\325\000\040\000P\0000\000\040\137\305\200\003}{section.8}% 34
\BOOKMARK [2][-]{subsection.8.5}{\376\377\162\133\230\177\154\325\000\040\000P\0001\000\040\232\330\230\221}{section.8}% 35
\BOOKMARK [1][-]{section.9}{\376\377\153\041\150\257\136\246\116\016\116\015\123\357\137\256\117\030\123\026}{}% 36
\BOOKMARK [2][-]{subsection.9.1}{\376\377\153\041\150\257\136\246\133\232\116\111\000\040\000P\0000\000\040\137\305\200\003}{section.9}% 37
\BOOKMARK [2][-]{subsection.9.2}{\376\377\136\070\211\301\153\041\150\257\136\246\000\040\000P\0000\000\040\137\305\200\003}{section.9}% 38
\BOOKMARK [2][-]{subsection.9.3}{\376\377\153\041\150\257\136\246\147\000\117\030\140\047\147\141\116\366\000\040\000P\0000\000\040\137\305\200\003}{section.9}% 39
\BOOKMARK [2][-]{subsection.9.4}{\376\377\153\041\150\257\136\246\154\325\000\040\000P\0001\000\040\232\330\230\221}{section.9}% 40
\BOOKMARK [1][-]{section.10}{\376\377\142\225\137\161\116\016\142\225\137\161\150\257\136\246\154\325}{}% 41
\BOOKMARK [2][-]{subsection.10.1}{\376\377\153\047\154\017\142\225\137\161\000\040\000P\0000\000\040\137\305\200\003}{section.10}% 42
\BOOKMARK [2][-]{subsection.10.2}{\376\377\142\225\137\161\147\000\117\030\140\047\147\141\116\366\000\040\000P\0000\000\040\137\305\200\003}{section.10}% 43
\BOOKMARK [2][-]{subsection.10.3}{\376\377\142\225\137\161\150\257\136\246\154\325\000\040\000P\0001\000\040\232\330\230\221}{section.10}% 44
\BOOKMARK [1][-]{section.11}{\376\377\217\321\172\357\173\227\133\120\116\016\217\321\172\357\150\257\136\246\154\325}{}% 45
\BOOKMARK [2][-]{subsection.11.1}{\376\377\217\321\172\357\173\227\133\120\000\040\000P\0001\000\040\232\330\230\221}{section.11}% 46
\BOOKMARK [2][-]{subsection.11.2}{\376\377\136\070\211\301\217\321\172\357\173\227\133\120}{section.11}% 47
\BOOKMARK [2][-]{subsection.11.3}{\376\377\217\321\172\357\150\257\136\246\154\325\000\040\000P\0001\000\040\232\330\230\221}{section.11}% 48
\BOOKMARK [1][-]{section.12}{\376\377\142\311\150\074\147\027\145\345\133\371\120\166}{}% 49
\BOOKMARK [2][-]{subsection.12.1}{\376\377\123\237\225\356\230\230\000\040\000P\0000\000\040\137\305\200\003}{section.12}% 50
\BOOKMARK [2][-]{subsection.12.2}{\376\377\142\311\150\074\147\027\145\345\121\375\145\160\000\040\000P\0000\000\040\137\305\200\003}{section.12}% 51
\BOOKMARK [2][-]{subsection.12.3}{\376\377\133\371\120\166\121\375\145\160\000\040\000P\0000\000\040\137\305\200\003}{section.12}% 52
\BOOKMARK [2][-]{subsection.12.4}{\376\377\133\371\120\166\225\356\230\230\000\040\000P\0000\000\040\137\305\200\003}{section.12}% 53
\BOOKMARK [2][-]{subsection.12.5}{\376\377\137\061\133\371\120\166\000\040\000P\0000\000\040\137\305\200\003}{section.12}% 54
\BOOKMARK [2][-]{subsection.12.6}{\376\377\137\072\133\371\120\166\000\040\000P\0000\000\040\137\305\200\003}{section.12}% 55
\BOOKMARK [2][-]{subsection.12.7}{\376\377\000S\000l\000a\000t\000e\000r\000\040\147\141\116\366\000\040\000P\0000\000\040\137\305\200\003}{section.12}% 56
\BOOKMARK [1][-]{section.13}{\376\377\000K\000K\000T\000\040\147\141\116\366}{}% 57
\BOOKMARK [2][-]{subsection.13.1}{\376\377\000K\000K\000T\000\040\147\141\116\366\000\040\000P\0000\000\040\137\305\200\003}{section.13}% 58
\BOOKMARK [2][-]{subsection.13.2}{\376\377\000K\000K\000T\000\040\166\204\221\315\211\201\140\047}{section.13}% 59
\BOOKMARK [1][-]{section.14}{\376\377\000F\000e\000n\000c\000h\000e\000l\000\040\121\161\217\155}{}% 60
\BOOKMARK [2][-]{subsection.14.1}{\376\377\133\232\116\111\000\040\000P\0001\000\040\232\330\230\221}{section.14}% 61
\BOOKMARK [2][-]{subsection.14.2}{\376\377\136\070\211\301\121\161\217\155\121\375\145\160}{section.14}% 62
\BOOKMARK [2][-]{subsection.14.3}{\376\377\000F\000e\000n\000c\000h\000e\000l\040\023\000Y\000o\000u\000n\000g\000\040\116\015\173\111\137\017\000\040\000P\0001\000\040\232\330\230\221}{section.14}% 63
\BOOKMARK [1][-]{section.15}{\376\377\133\371\120\166\203\003\145\160}{}% 64
\BOOKMARK [2][-]{subsection.15.1}{\376\377\133\232\116\111\000\040\000P\0001\000\040\232\330\230\221}{section.15}% 65
\BOOKMARK [2][-]{subsection.15.2}{\376\377\136\070\211\301\133\371\120\166\203\003\145\160}{section.15}% 66
\BOOKMARK [1][-]{section.16}{\376\377\134\117\226\234\154\325\116\016\121\205\160\271\154\325}{}% 67
\BOOKMARK [2][-]{subsection.16.1}{\376\377\133\371\145\160\134\117\226\234\121\375\145\160\000\040\000P\0002\000\040\116\206\211\343}{section.16}% 68
\BOOKMARK [2][-]{subsection.16.2}{\376\377\116\055\137\303\215\357\137\204\000\040\000P\0002\000\040\116\206\211\343}{section.16}% 69
\BOOKMARK [1][-]{section.17}{\376\377\000A\000D\000M\000M\000\040\173\200\116\313}{}% 70
\BOOKMARK [2][-]{subsection.17.1}{\376\377\225\356\230\230\137\142\137\017\000\040\000P\0002\000\040\116\206\211\343}{section.17}% 71
\BOOKMARK [2][-]{subsection.17.2}{\376\377\000A\000D\000M\000M\000\040\217\355\116\343}{section.17}% 72
\BOOKMARK [1][-]{section.18}{\376\377\136\070\211\301\213\301\146\016\131\127\215\357}{}% 73
\BOOKMARK [2][-]{subsection.18.1}{\376\377\213\301\146\016\226\306\124\010\121\370\000\040\000P\0000\000\040\137\305\200\003}{section.18}% 74
\BOOKMARK [2][-]{subsection.18.2}{\376\377\213\301\146\016\121\375\145\160\121\370\000\040\000P\0000\000\040\137\305\200\003}{section.18}% 75
\BOOKMARK [2][-]{subsection.18.3}{\376\377\121\231\000\040\000K\000K\000T\000\040\147\141\116\366\131\127\215\357\000\040\000P\0000\000\040\137\305\200\003}{section.18}% 76
\BOOKMARK [1][-]{section.19}{\376\377\121\170\127\213\117\213\230\230}{}% 77
\BOOKMARK [1][-]{section.20}{\376\377\176\374\124\010\176\303\116\140\230\230}{}% 78
\BOOKMARK [1][-]{section.21}{\376\377\176\303\116\140\230\230\123\302\200\003\173\124\150\110}{}% 79
\BOOKMARK [1][-]{section.22}{\376\377\200\003\122\115\220\037\213\260\156\005\123\125}{}% 80
\BOOKMARK [1][-]{section.23}{\376\377\136\372\213\256\131\015\116\140\230\172\136\217}{}% 81
