\BOOKMARK [1][-]{section.1}{\376\377\000L\000i\000n\000u\000x\000\040\127\372\170\100\151\202\137\365}{}% 1
\BOOKMARK [2][-]{subsection.1.1}{\376\377\116\300\116\110\146\057\000\040\000L\000i\000n\000u\000x}{section.1}% 2
\BOOKMARK [2][-]{subsection.1.2}{\376\377\000L\000i\000n\000u\000x\000\040\166\204\150\070\137\303\140\035\140\363}{section.1}% 3
\BOOKMARK [2][-]{subsection.1.3}{\376\377\000L\000i\000n\000u\000x\000\040\166\356\137\125\176\323\147\204}{section.1}% 4
\BOOKMARK [1][-]{section.2}{\376\377\000L\000i\000n\000u\000x\000\040\136\070\165\050\124\175\116\344}{}% 5
\BOOKMARK [2][-]{subsection.2.1}{\376\377\124\175\116\344\127\372\147\054\150\074\137\017}{section.2}% 6
\BOOKMARK [2][-]{subsection.2.2}{\376\377\203\267\123\326\136\056\122\251}{section.2}% 7
\BOOKMARK [2][-]{subsection.2.3}{\376\377\166\356\137\125\144\315\117\134}{section.2}% 8
\BOOKMARK [2][-]{subsection.2.4}{\376\377\145\207\116\366\144\315\117\134}{section.2}% 9
\BOOKMARK [1][-]{section.3}{\376\377\145\207\116\366\147\345\167\013\116\016\145\207\147\054\131\004\164\006}{}% 10
\BOOKMARK [2][-]{subsection.3.1}{\376\377\000g\000r\000e\000p\000\040\147\345\142\176\145\207\147\054}{section.3}% 11
\BOOKMARK [2][-]{subsection.3.2}{\376\377\000f\000i\000n\000d\000\040\147\345\142\176\145\207\116\366}{section.3}% 12
\BOOKMARK [2][-]{subsection.3.3}{\376\377\000s\000e\000d\000\040\145\207\147\054\146\377\143\142}{section.3}% 13
\BOOKMARK [2][-]{subsection.3.4}{\376\377\000a\000w\000k\000\040\145\207\147\054\131\004\164\006}{section.3}% 14
\BOOKMARK [1][-]{section.4}{\376\377\217\223\121\145\217\223\121\372\221\315\133\232\124\021\116\016\173\241\220\123}{}% 15
\BOOKMARK [2][-]{subsection.4.1}{\376\377\150\007\121\306\217\223\121\145\060\001\217\223\121\372\060\001\225\031\213\357}{section.4}% 16
\BOOKMARK [2][-]{subsection.4.2}{\376\377\221\315\133\232\124\021}{section.4}% 17
\BOOKMARK [2][-]{subsection.4.3}{\376\377\173\241\220\123}{section.4}% 18
\BOOKMARK [1][-]{section.5}{\376\377\165\050\142\067\060\001\165\050\142\067\176\304\116\016\147\103\226\120}{}% 19
\BOOKMARK [2][-]{subsection.5.1}{\376\377\165\050\142\067\166\370\121\163\124\175\116\344}{section.5}% 20
\BOOKMARK [2][-]{subsection.5.2}{\376\377\165\050\142\067\173\241\164\006}{section.5}% 21
\BOOKMARK [2][-]{subsection.5.3}{\376\377\145\207\116\366\147\103\226\120}{section.5}% 22
\BOOKMARK [2][-]{subsection.5.4}{\376\377\147\103\226\120\200\003\213\325\221\315\160\271}{section.5}% 23
\BOOKMARK [1][-]{section.6}{\376\377\217\333\172\013\173\241\164\006}{}% 24
\BOOKMARK [2][-]{subsection.6.1}{\376\377\147\345\167\013\217\333\172\013}{section.6}% 25
\BOOKMARK [2][-]{subsection.6.2}{\376\377\176\310\153\142\217\333\172\013}{section.6}% 26
\BOOKMARK [2][-]{subsection.6.3}{\376\377\122\115\123\360\116\016\124\016\123\360\116\373\122\241}{section.6}% 27
\BOOKMARK [1][-]{section.7}{\376\377\217\157\116\366\123\005\173\241\164\006}{}% 28
\BOOKMARK [2][-]{subsection.7.1}{\376\377\000D\000e\000b\000i\000a\000n\000/\000U\000b\000u\000n\000t\000u\377\032\000a\000p\000t}{section.7}% 29
\BOOKMARK [2][-]{subsection.7.2}{\376\377\000R\000e\000d\000H\000a\000t\000/\000C\000e\000n\000t\000O\000S\000/\000F\000e\000d\000o\000r\000a\377\032\000d\000n\000f\000\040\142\026\000\040\000y\000u\000m}{section.7}% 30
\BOOKMARK [1][-]{section.8}{\376\377\123\213\177\051\116\016\137\122\150\143}{}% 31
\BOOKMARK [2][-]{subsection.8.1}{\376\377\000t\000a\000r}{section.8}% 32
\BOOKMARK [2][-]{subsection.8.2}{\376\377\000z\000i\000p\000\040\124\214\000\040\000u\000n\000z\000i\000p}{section.8}% 33
\BOOKMARK [1][-]{section.9}{\376\377\170\301\166\330\060\001\145\207\116\366\174\373\176\337\116\016\143\002\217\175}{}% 34
\BOOKMARK [2][-]{subsection.9.1}{\376\377\147\345\167\013\170\301\166\330\117\341\140\157}{section.9}% 35
\BOOKMARK [2][-]{subsection.9.2}{\376\377\143\002\217\175\124\214\123\170\217\175}{section.9}% 36
\BOOKMARK [1][-]{section.10}{\376\377\177\121\176\334\127\372\170\100\124\175\116\344}{}% 37
\BOOKMARK [2][-]{subsection.10.1}{\376\377\147\345\167\013\177\121\176\334\221\115\177\156}{section.10}% 38
\BOOKMARK [2][-]{subsection.10.2}{\376\377\155\113\213\325\177\121\176\334}{section.10}% 39
\BOOKMARK [2][-]{subsection.10.3}{\376\377\172\357\123\343\124\214\217\336\143\245}{section.10}% 40
\BOOKMARK [2][-]{subsection.10.4}{\376\377\000S\000S\000H\000\040\217\334\172\013\166\173\137\125}{section.10}% 41
\BOOKMARK [1][-]{section.11}{\376\377\163\257\130\203\123\330\221\317}{}% 42
\BOOKMARK [2][-]{subsection.11.1}{\376\377\147\345\167\013\163\257\130\203\123\330\221\317}{section.11}% 43
\BOOKMARK [2][-]{subsection.11.2}{\376\377\213\276\177\156\163\257\130\203\123\330\221\317}{section.11}% 44
\BOOKMARK [1][-]{section.12}{\376\377\000V\000i\000m\000\040\127\372\170\100}{}% 45
\BOOKMARK [2][-]{subsection.12.1}{\376\377\000V\000i\000m\000\040\116\011\171\315\136\070\165\050\152\041\137\017}{section.12}% 46
\BOOKMARK [2][-]{subsection.12.2}{\376\377\136\070\165\050\144\315\117\134}{section.12}% 47
\BOOKMARK [1][-]{section.13}{\376\377\000S\000h\000e\000l\000l\000\040\201\032\147\054\127\372\170\100}{}% 48
\BOOKMARK [2][-]{subsection.13.1}{\376\377\173\054\116\000\116\052\000\040\000S\000h\000e\000l\000l\000\040\201\032\147\054}{section.13}% 49
\BOOKMARK [2][-]{subsection.13.2}{\376\377\123\330\221\317}{section.13}% 50
\BOOKMARK [2][-]{subsection.13.3}{\376\377\124\175\116\344\146\377\143\142}{section.13}% 51
\BOOKMARK [2][-]{subsection.13.4}{\376\377\117\115\177\156\123\302\145\160}{section.13}% 52
\BOOKMARK [2][-]{subsection.13.5}{\376\377\147\141\116\366\122\044\145\255}{section.13}% 53
\BOOKMARK [2][-]{subsection.13.6}{\376\377\000c\000a\000s\000e\000\040\122\006\145\057}{section.13}% 54
\BOOKMARK [2][-]{subsection.13.7}{\376\377\000f\000o\000r\000\040\137\252\163\257}{section.13}% 55
\BOOKMARK [2][-]{subsection.13.8}{\376\377\000w\000h\000i\000l\000e\000\040\137\252\163\257}{section.13}% 56
\BOOKMARK [2][-]{subsection.13.9}{\376\377\121\375\145\160}{section.13}% 57
\BOOKMARK [2][-]{subsection.13.10}{\376\377\220\000\121\372\162\266\140\001\170\001}{section.13}% 58
\BOOKMARK [2][-]{subsection.13.11}{\376\377\133\236\165\050\201\032\147\054\171\072\117\213\377\032\201\352\122\250\131\007\116\375\166\356\137\125}{section.13}% 59
\BOOKMARK [2][-]{subsection.13.12}{\376\377\133\236\165\050\201\032\147\054\171\072\117\213\377\032\150\300\147\345\172\013\136\217\146\057\124\046\217\320\210\114}{section.13}% 60
\BOOKMARK [1][-]{section.14}{\376\377\177\026\213\321\060\001\000M\000a\000k\000e\000f\000i\000l\000e\000\040\116\016\214\003\213\325}{}% 61
\BOOKMARK [2][-]{subsection.14.1}{\376\377\000g\000c\000c\000\040\177\026\213\321\000\040\000C\000\040\172\013\136\217}{section.14}% 62
\BOOKMARK [2][-]{subsection.14.2}{\376\377\000M\000a\000k\000e\000f\000i\000l\000e\000\040\127\372\170\100}{section.14}% 63
\BOOKMARK [2][-]{subsection.14.3}{\376\377\000g\000d\000b\000\040\214\003\213\325}{section.14}% 64
\BOOKMARK [1][-]{section.15}{\376\377\000L\000i\000n\000u\000x\000\040\174\373\176\337\173\241\164\006}{}% 65
\BOOKMARK [2][-]{subsection.15.1}{\376\377\000s\000y\000s\000t\000e\000m\000d\000\040\147\015\122\241\173\241\164\006}{section.15}% 66
\BOOKMARK [2][-]{subsection.15.2}{\376\377\133\232\145\366\116\373\122\241\000\040\000c\000r\000o\000n}{section.15}% 67
\BOOKMARK [1][-]{section.16}{\376\377\135\114\121\145\137\017\000\040\000L\000i\000n\000u\000x\000\040\127\372\170\100}{}% 68
\BOOKMARK [2][-]{subsection.16.1}{\376\377\135\114\121\145\137\017\000\040\000L\000i\000n\000u\000x\000\040\124\057\122\250\155\101\172\013}{section.16}% 69
\BOOKMARK [2][-]{subsection.16.2}{\376\377\000U\000-\000B\000o\000o\000t\000\040\136\070\165\050\124\175\116\344}{section.16}% 70
\BOOKMARK [2][-]{subsection.16.3}{\376\377\121\205\150\070\124\057\122\250\123\302\145\160}{section.16}% 71
\BOOKMARK [2][-]{subsection.16.4}{\376\377\213\276\131\007\145\207\116\366}{section.16}% 72
\BOOKMARK [2][-]{subsection.16.5}{\376\377\000p\000r\000o\000c\000\040\145\207\116\366\174\373\176\337}{section.16}% 73
\BOOKMARK [2][-]{subsection.16.6}{\376\377\000s\000y\000s\000\040\145\207\116\366\174\373\176\337}{section.16}% 74
\BOOKMARK [2][-]{subsection.16.7}{\376\377\213\276\131\007\150\021\000\040\000D\000e\000v\000i\000c\000e\000\040\000T\000r\000e\000e}{section.16}% 75
\BOOKMARK [2][-]{subsection.16.8}{\376\377\121\205\150\070\152\041\127\127}{section.16}% 76
\BOOKMARK [2][-]{subsection.16.9}{\376\377\116\244\123\311\177\026\213\321}{section.16}% 77
\BOOKMARK [2][-]{subsection.16.10}{\376\377\000N\000F\000S\000\040\150\071\145\207\116\366\174\373\176\337}{section.16}% 78
\BOOKMARK [1][-]{section.17}{\376\377\000L\000i\000n\000u\000x\000\040\000C\000\040\177\026\172\013\127\372\170\100}{}% 79
\BOOKMARK [2][-]{subsection.17.1}{\376\377\145\207\116\366\000\040\000I\000/\000O}{section.17}% 80
\BOOKMARK [2][-]{subsection.17.2}{\376\377\217\333\172\013\122\033\136\372\000\040\000f\000o\000r\000k}{section.17}% 81
\BOOKMARK [2][-]{subsection.17.3}{\376\377\176\277\172\013\000\040\000p\000t\000h\000r\000e\000a\000d}{section.17}% 82
\BOOKMARK [1][-]{section.18}{\376\377\000R\000O\000S\000\040\0002\000\040\127\372\170\100\167\345\213\306}{}% 83
\BOOKMARK [2][-]{subsection.18.1}{\376\377\000R\000O\000S\000\040\0002\000\040\146\057\116\300\116\110}{section.18}% 84
\BOOKMARK [2][-]{subsection.18.2}{\376\377\000R\000O\000S\000\040\0002\000\040\150\070\137\303\151\202\137\365}{section.18}% 85
\BOOKMARK [2][-]{subsection.18.3}{\376\377\000R\000O\000S\000\040\0002\000\040\135\345\117\134\172\172\225\364}{section.18}% 86
\BOOKMARK [2][-]{subsection.18.4}{\376\377\000R\000O\000S\000\040\0002\000\040\136\070\165\050\124\175\116\344}{section.18}% 87
\BOOKMARK [3][-]{subsubsection.18.4.1}{\376\377\147\345\167\013\202\202\160\271}{subsection.18.4}% 88
\BOOKMARK [3][-]{subsubsection.18.4.2}{\376\377\147\345\167\013\213\335\230\230}{subsection.18.4}% 89
\BOOKMARK [3][-]{subsubsection.18.4.3}{\376\377\147\345\167\013\147\015\122\241}{subsection.18.4}% 90
\BOOKMARK [3][-]{subsubsection.18.4.4}{\376\377\147\345\167\013\123\302\145\160}{subsection.18.4}% 91
\BOOKMARK [3][-]{subsubsection.18.4.5}{\376\377\147\345\167\013\143\245\123\343\174\173\127\213}{subsection.18.4}% 92
\BOOKMARK [3][-]{subsubsection.18.4.6}{\376\377\217\320\210\114\202\202\160\271}{subsection.18.4}% 93
\BOOKMARK [2][-]{subsection.18.5}{\376\377\122\033\136\372\000\040\000R\000O\000S\000\040\0002\000\040\000P\000y\000t\000h\000o\000n\000\040\122\237\200\375\123\005}{section.18}% 94
\BOOKMARK [2][-]{subsection.18.6}{\376\377\000P\000y\000t\000h\000o\000n\000\040\123\321\136\003\200\005\171\072\117\213}{section.18}% 95
\BOOKMARK [2][-]{subsection.18.7}{\376\377\000P\000y\000t\000h\000o\000n\000\040\213\242\226\005\200\005\171\072\117\213}{section.18}% 96
\BOOKMARK [2][-]{subsection.18.8}{\376\377\122\033\136\372\000\040\000R\000O\000S\000\040\0002\000\040\000C\000+\000+\000\040\122\237\200\375\123\005}{section.18}% 97
\BOOKMARK [2][-]{subsection.18.9}{\376\377\000C\000+\000+\000\040\123\321\136\003\200\005\171\072\117\213}{section.18}% 98
\BOOKMARK [2][-]{subsection.18.10}{\376\377\000C\000M\000a\000k\000e\000L\000i\000s\000t\000s\000.\000t\000x\000t\000\040\171\072\117\213}{section.18}% 99
\BOOKMARK [1][-]{section.19}{\376\377\000R\000O\000S\000\040\0002\000\040\220\032\117\341\147\072\122\066}{}% 100
\BOOKMARK [2][-]{subsection.19.1}{\376\377\000T\000o\000p\000i\000c\377\032\123\321\136\003\213\242\226\005}{section.19}% 101
\BOOKMARK [2][-]{subsection.19.2}{\376\377\000S\000e\000r\000v\000i\000c\000e\377\032\213\367\154\102\124\315\136\224}{section.19}% 102
\BOOKMARK [2][-]{subsection.19.3}{\376\377\000A\000c\000t\000i\000o\000n\377\032\225\177\145\366\225\364\116\373\122\241}{section.19}% 103
\BOOKMARK [2][-]{subsection.19.4}{\376\377\000P\000a\000r\000a\000m\000e\000t\000e\000r\377\032\123\302\145\160}{section.19}% 104
\BOOKMARK [2][-]{subsection.19.5}{\376\377\000Q\000o\000S\000\040\147\015\122\241\215\050\221\317}{section.19}% 105
\BOOKMARK [1][-]{section.20}{\376\377\000R\000O\000S\000\040\0002\000\040\000L\000a\000u\000n\000c\000h\000\040\145\207\116\366}{}% 106
\BOOKMARK [1][-]{section.21}{\376\377\000R\000O\000S\000\040\0002\000\040\000T\000F\0002\000\040\127\120\150\007\123\330\143\142\127\372\170\100}{}% 107
\BOOKMARK [1][-]{section.22}{\376\377\000R\000O\000S\000\040\0002\000\040\000B\000a\000g\000\040\137\125\123\005\116\016\126\336\145\076}{}% 108
\BOOKMARK [1][-]{section.23}{\376\377\000R\000O\000S\000\040\0002\000\040\136\070\211\301\143\222\225\031}{}% 109
\BOOKMARK [2][-]{subsection.23.1}{\376\377\142\176\116\015\122\060\123\005}{section.23}% 110
\BOOKMARK [2][-]{subsection.23.2}{\376\377\202\202\160\271\217\320\210\114\116\015\116\206}{section.23}% 111
\BOOKMARK [2][-]{subsection.23.3}{\376\377\213\335\230\230\154\241\147\011\145\160\143\156}{section.23}% 112
\BOOKMARK [2][-]{subsection.23.4}{\376\377\131\032\147\072\220\032\117\341\131\061\215\045}{section.23}% 113
\BOOKMARK [1][-]{section.24}{\376\377\000L\000i\000n\000u\000x\000\040\116\016\000\040\000R\000O\000S\000\040\0002\000\040\147\037\147\053\220\037\213\260}{}% 114
\BOOKMARK [2][-]{subsection.24.1}{\376\377\000L\000i\000n\000u\000x\000\040\124\175\116\344\220\037\213\260}{section.24}% 115
\BOOKMARK [2][-]{subsection.24.2}{\376\377\000R\000O\000S\000\040\0002\000\040\124\175\116\344\220\037\213\260}{section.24}% 116
\BOOKMARK [1][-]{section.25}{\376\377\200\003\213\325\136\070\200\003\225\356\173\124}{}% 117
\BOOKMARK [2][-]{subsection.25.1}{\376\377\000L\000i\000n\000u\000x\000\040\116\072\116\300\116\110\213\364\116\000\122\007\166\206\145\207\116\366\377\037}{section.25}% 118
\BOOKMARK [2][-]{subsection.25.2}{\376\377\176\335\133\371\215\357\137\204\124\214\166\370\133\371\215\357\137\204\123\072\122\053\146\057\116\300\116\110\377\037}{section.25}% 119
\BOOKMARK [2][-]{subsection.25.3}{\376\377\170\154\224\376\143\245\124\214\217\157\224\376\143\245\123\072\122\053\146\057\116\300\116\110\377\037}{section.25}% 120
\BOOKMARK [2][-]{subsection.25.4}{\376\377\217\333\172\013\124\214\176\277\172\013\123\072\122\053\146\057\116\300\116\110\377\037}{section.25}% 121
\BOOKMARK [2][-]{subsection.25.5}{\376\377\000R\000O\000S\000\040\0002\000\040\000T\000o\000p\000i\000c\060\001\000S\000e\000r\000v\000i\000c\000e\060\001\000A\000c\000t\000i\000o\000n\000\040\123\072\122\053\146\057\116\300\116\110\377\037}{section.25}% 122
\BOOKMARK [2][-]{subsection.25.6}{\376\377\000R\000O\000S\000\040\0002\000\040\116\072\116\300\116\110\116\015\227\000\211\201\000\040\000R\000O\000S\000\040\000M\000a\000s\000t\000e\000r\377\037}{section.25}% 123
\BOOKMARK [1][-]{section.26}{\376\377\147\000\124\016\131\015\116\140\136\372\213\256}{}% 124
