\BOOKMARK [1][]{section*.2}{\376\377\173\054\000\040\0001\000\040\131\051\377\032\146\040\134\004\116\016\121\375\145\160}{}% 1
\BOOKMARK [1][]{section*.3}{\376\377\173\054\000\040\0002\000\040\131\051\377\032\145\160\122\027\147\201\226\120\127\372\147\054\140\047\215\050\060\001\145\133\145\143\140\047\122\044\133\232\116\016\173\227\154\325}{}% 2
\BOOKMARK [1][]{section*.4}{\376\377\173\054\000\040\0003\000\040\131\051\377\032\121\375\145\160\166\204\147\201\226\120\123\312\127\372\147\054\122\044\133\232\116\016\213\241\173\227\154\325}{}% 3
\BOOKMARK [1][]{section*.5}{\376\377\173\054\000\040\0004\000\040\131\051\377\032\145\340\172\167\134\017\116\016\145\340\172\167\131\047\060\001\156\020\217\321\176\277}{}% 4
\BOOKMARK [1][]{section*.6}{\376\377\173\054\000\040\0005\000\040\131\051\377\032\121\375\145\160\166\204\217\336\176\355\140\047\116\016\225\364\145\255\160\271}{}% 5
\BOOKMARK [1][]{section*.7}{\376\377\173\054\000\040\0006\000\040\131\051\377\032\225\355\123\072\225\364\116\012\217\336\176\355\121\375\145\160\166\204\140\047\215\050\123\312\136\224\165\050}{}% 6
\BOOKMARK [1][]{section*.8}{\376\377\173\054\000\040\0007\000\040\131\051\377\032\121\375\145\160\166\204\116\000\201\364\217\336\176\355\140\047\000*}{}% 7
\BOOKMARK [1][]{section*.9}{\376\377\173\054\000\040\0008\000\040\131\051\377\032\133\374\145\160\166\204\151\202\137\365\116\016\140\047\215\050}{}% 8
\BOOKMARK [1][]{section*.10}{\376\377\173\054\000\040\0009\000\040\131\051\377\032\133\374\145\160\166\204\127\372\147\054\213\241\173\227\145\271\154\325}{}% 9
\BOOKMARK [1][]{section*.11}{\376\377\173\054\000\040\0001\0000\000\040\131\051\377\032\116\000\121\103\121\375\145\160\232\330\226\066\133\374\145\160\123\312\121\166\213\241\173\227\145\271\154\325}{}% 10
\BOOKMARK [1][]{section*.12}{\376\377\173\054\000\040\0001\0001\000\040\131\051\377\032\226\220\121\375\145\160\116\016\123\302\145\160\145\271\172\013\142\100\170\156\133\232\166\204\121\375\145\160\166\204\133\374\145\160}{}% 11
\BOOKMARK [1][]{section*.13}{\376\377\173\054\000\040\0001\0002\000\040\131\051\377\032\121\375\145\160\166\204\137\256\122\006\060\001\123\330\123\026\163\207\116\016\166\370\121\163\123\330\123\026\163\207}{}% 12
\BOOKMARK [1][]{section*.14}{\376\377\173\054\000\040\0001\0003\000\040\131\051\377\032\177\127\134\024\116\055\120\074\133\232\164\006\123\312\121\166\136\224\165\050}{}% 13
\BOOKMARK [1][]{section*.15}{\376\377\173\054\000\040\0001\0004\000\040\131\051\377\032\142\311\150\074\147\027\145\345\116\055\120\074\133\232\164\006\123\312\121\166\136\224\165\050}{}% 14
\BOOKMARK [1][]{section*.16}{\376\377\173\054\000\040\0001\0005\000\040\131\051\377\032\147\357\211\177\116\055\120\074\133\232\164\006\123\312\121\166\136\224\165\050}{}% 15
\BOOKMARK [1][]{section*.17}{\376\377\173\054\000\040\0001\0006\000\040\131\051\377\032\155\033\137\305\217\276\154\325\122\031\116\016\147\052\133\232\137\017\166\204\147\201\226\120}{}% 16
\BOOKMARK [1][]{section*.18}{\376\377\173\054\000\040\0001\0007\000\040\131\051\377\032\154\360\122\322\121\154\137\017\116\113\213\241\173\227\173\307}{}% 17
\BOOKMARK [1][]{section*.19}{\376\377\173\054\000\040\0001\0008\000\040\131\051\377\032\154\360\122\322\121\154\137\017\116\113\213\301\146\016\173\307}{}% 18
\BOOKMARK [1][]{section*.20}{\376\377\173\054\000\040\0001\0009\000\040\131\051\377\032\121\375\145\160\166\204\123\125\214\003\140\047\116\016\147\201\120\074}{}% 19
\BOOKMARK [1][]{section*.21}{\376\377\173\054\000\040\0002\0000\000\040\131\051\377\032\121\375\145\160\146\362\176\277\166\204\121\371\121\370\140\047\116\016\142\320\160\271}{}% 20
\BOOKMARK [1][]{section*.22}{\376\377\173\054\000\040\0002\0001\000\040\131\051\377\032\122\006\147\220\117\134\126\376\154\325\116\016\146\362\163\207}{}% 21
\BOOKMARK [1][]{section*.23}{\376\377\173\054\000\040\0002\0002\000\040\131\051\377\032\145\271\172\013\166\204\150\071\116\016\121\375\145\160\166\204\226\366\160\271}{}% 22
\BOOKMARK [1][]{section*.24}{\376\377\173\054\000\040\0002\0003\000\040\131\051\377\032\116\015\133\232\171\357\122\006\166\204\151\202\137\365\116\016\140\047\215\050}{}% 23
\BOOKMARK [1][]{section*.25}{\376\377\173\054\000\040\0002\0004\000\040\131\051\377\032\116\015\133\232\171\357\122\006\166\204\143\142\121\103\154\325}{}% 24
\BOOKMARK [1][]{section*.26}{\376\377\173\054\000\040\0002\0005\000\040\131\051\377\032\116\015\133\232\171\357\122\006\166\204\122\006\220\350\171\357\122\006\154\325}{}% 25
\BOOKMARK [1][]{section*.27}{\376\377\173\054\000\040\0002\0006\000\040\131\051\377\032\121\167\147\011\162\171\133\232\176\323\147\204\166\204\121\375\145\160\166\204\116\015\133\232\171\357\122\006\166\204\213\241\173\227}{}% 26
\BOOKMARK [1][]{section*.28}{\376\377\173\054\000\040\0002\0007\000\040\131\051\377\032\133\232\171\357\122\006\166\204\151\202\137\365\116\016\140\047\215\050}{}% 27
\BOOKMARK [1][]{section*.29}{\376\377\173\054\000\040\0002\0008\000\040\131\051\377\032\137\256\171\357\122\006\127\372\147\054\121\154\137\017\116\016\133\232\171\357\122\006\127\372\147\054\213\241\173\227\154\325}{}% 28
\BOOKMARK [1][]{section*.30}{\376\377\173\054\000\040\0002\0009\000\040\131\051\377\032\123\330\226\120\171\357\122\006\121\375\145\160\123\312\121\166\136\224\165\050}{}% 29
\BOOKMARK [1][]{section*.31}{\376\377\173\054\000\040\0003\0000\000\040\131\051\377\032\124\214\137\017\176\323\147\204\166\204\145\160\122\027\147\201\226\120\213\241\173\227\116\016\232\214\213\301\145\271\154\325}{}% 30
\BOOKMARK [1][]{section*.32}{\376\377\173\054\000\040\0003\0001\000\040\131\051\377\032\133\232\171\357\122\006\166\204\143\142\121\103\154\325}{}% 31
\BOOKMARK [1][]{section*.33}{\376\377\173\054\000\040\0003\0002\000\040\131\051\377\032\133\232\171\357\122\006\166\204\122\006\220\350\171\357\122\006\154\325}{}% 32
\BOOKMARK [1][]{section*.34}{\376\377\173\054\000\040\0003\0003\000\040\131\051\377\032\121\167\147\011\162\171\133\232\176\323\147\204\166\204\121\375\145\160\166\204\133\232\171\357\122\006\166\204\213\241\173\227}{}% 33
\BOOKMARK [1][]{section*.35}{\376\377\173\054\000\040\0003\0004\000\040\131\051\377\032\123\315\136\070\171\357\122\006\123\312\121\166\145\133\145\143\140\047\166\204\122\044\133\232}{}% 34
\BOOKMARK [1][]{section*.36}{\376\377\173\054\000\040\0003\0005\000\040\131\051\377\032\171\357\122\006\173\111\137\017\124\175\230\230\166\204\213\301\146\016}{}% 35
\BOOKMARK [1][]{section*.37}{\376\377\173\054\000\040\0003\0006\000\040\131\051\377\032\171\357\122\006\116\015\173\111\137\017\124\175\230\230\166\204\213\301\146\016}{}% 36
\BOOKMARK [1][]{section*.38}{\376\377\173\054\000\040\0003\0007\000\040\131\051\377\032\133\232\171\357\122\006\127\050\121\340\117\125\133\146\116\012\166\204\136\224\165\050}{}% 37
\BOOKMARK [1][]{section*.39}{\376\377\173\054\000\040\0003\0008\000\040\131\051\377\032\133\232\171\357\122\006\127\050\162\151\164\006\116\012\166\204\136\224\165\050}{}% 38
\BOOKMARK [1][]{section*.40}{\376\377\173\054\000\040\0003\0009\000\040\131\051\377\032\137\256\122\006\145\271\172\013\166\204\127\372\147\054\151\202\137\365}{}% 39
\BOOKMARK [1][]{section*.41}{\376\377\173\054\000\040\0004\0000\000\040\131\051\377\032\123\357\122\006\171\273\123\330\221\317\166\204\137\256\122\006\145\271\172\013\116\016\237\120\153\041\145\271\172\013}{}% 40
\BOOKMARK [1][]{section*.42}{\376\377\173\054\000\040\0004\0001\000\040\131\051\377\032\116\000\226\066\176\277\140\047\137\256\122\006\145\271\172\013\116\016\117\057\122\252\122\051\145\271\172\013}{}% 41
\BOOKMARK [1][]{section*.43}{\376\377\173\054\000\040\0004\0002\000\040\131\051\377\032\123\357\226\115\226\066\166\204\232\330\226\066\137\256\122\006\145\271\172\013}{}% 42
\BOOKMARK [1][]{section*.44}{\376\377\173\054\000\040\0004\0003\000\040\131\051\377\032\176\277\140\047\137\256\122\006\145\271\172\013\211\343\166\204\176\323\147\204\116\016\116\214\226\066\123\330\174\373\145\160\176\277\140\047\137\256\122\006\145\271\172\013\154\102\211\343}{}% 43
\BOOKMARK [1][]{section*.45}{\376\377\173\054\000\040\0004\0004\000\040\131\051\377\032\136\070\174\373\145\160\237\120\153\041\176\277\140\047\137\256\122\006\145\271\172\013}{}% 44
\BOOKMARK [1][]{section*.46}{\376\377\173\054\000\040\0004\0005\000\040\131\051\377\032\136\070\174\373\145\160\227\136\237\120\153\041\176\277\140\047\137\256\122\006\145\271\172\013}{}% 45
\BOOKMARK [1][]{section*.47}{\376\377\173\054\000\040\0004\0006\000\040\131\051\377\032\162\171\153\212\137\256\122\006\145\271\172\013\211\343\154\325\116\076\117\213}{}% 46
\BOOKMARK [1][]{section*.48}{\376\377\173\054\000\040\0004\0007\000\040\131\051\377\032\137\256\122\006\145\271\172\013\166\204\136\372\152\041\123\312\121\166\136\224\165\050}{}% 47
\BOOKMARK [1][]{section*.49}{\376\377\173\054\000\040\0004\0008\000\040\131\051\377\032\124\021\221\317\116\343\145\160\377\032\124\021\221\317\123\312\121\166\217\320\173\227}{}% 48
\BOOKMARK [1][]{section*.50}{\376\377\173\054\000\040\0004\0009\000\040\131\051\377\032\172\172\225\364\136\163\227\142\116\016\166\364\176\277}{}% 49
\BOOKMARK [1][]{section*.51}{\376\377\173\054\000\040\0005\0000\000\040\131\051\377\032\172\172\225\364\136\163\227\142\060\001\166\364\176\277\166\204\145\271\172\013\123\312\117\115\177\156\121\163\174\373}{}% 50
\BOOKMARK [1][]{section*.52}{\376\377\173\054\000\040\0005\0001\000\040\131\051\377\032\146\362\227\142\123\312\121\166\145\271\172\013}{}% 51
\BOOKMARK [1][]{section*.53}{\376\377\173\054\000\040\0005\0002\000\040\131\051\377\032\172\172\225\364\146\362\176\277\123\312\121\166\145\271\172\013}{}% 52
\BOOKMARK [1][]{section*.54}{\376\377\173\054\000\040\0005\0003\000\040\131\051\377\032\124\021\221\317\120\074\121\375\145\160\166\204\133\374\145\160\116\016\171\357\122\006}{}% 53
\BOOKMARK [1][]{section*.55}{\376\377\173\054\000\040\0005\0004\000\040\131\051\377\032\131\032\121\103\121\375\145\160\166\204\147\201\226\120\116\016\217\336\176\355\140\047}{}% 54
\BOOKMARK [1][]{section*.56}{\376\377\173\054\000\040\0005\0005\000\040\131\051\377\032\120\117\133\374\145\160\123\312\121\166\127\372\147\054\213\241\173\227\154\325}{}% 55
\BOOKMARK [1][]{section*.57}{\376\377\173\054\000\040\0005\0006\000\040\131\051\377\032\121\150\137\256\122\006\123\312\121\166\136\224\165\050}{}% 56
\BOOKMARK [1][]{section*.58}{\376\377\173\054\000\040\0005\0007\000\040\131\051\377\032\131\032\121\103\131\015\124\010\121\375\145\160\166\204\154\102\133\374\377\010\116\000\377\011}{}% 57
\BOOKMARK [1][]{section*.59}{\376\377\173\054\000\040\0005\0008\000\040\131\051\377\032\131\032\121\103\131\015\124\010\121\375\145\160\166\204\154\102\133\374\377\010\116\214\377\011}{}% 58
\BOOKMARK [1][]{section*.60}{\376\377\173\054\000\040\0005\0009\000\040\131\051\377\032\226\220\121\375\145\160\166\204\154\102\133\374}{}% 59
\BOOKMARK [1][]{section*.61}{\376\377\173\054\000\040\0006\0000\000\040\131\051\377\032\131\032\121\103\121\375\145\160\137\256\122\006\133\146\166\204\121\340\117\125\136\224\165\050}{}% 60
\BOOKMARK [1][]{section*.62}{\376\377\173\054\000\040\0006\0001\000\040\131\051\377\032\145\271\124\021\133\374\145\160\116\016\150\257\136\246}{}% 61
\BOOKMARK [1][]{section*.63}{\376\377\173\054\000\040\0006\0002\000\040\131\051\377\032\236\321\130\136\167\351\226\065\123\312\154\360\122\322\121\154\137\017}{}% 62
\BOOKMARK [1][]{section*.64}{\376\377\173\054\000\040\0006\0003\000\040\131\051\377\032\131\032\121\103\121\375\145\160\166\204\147\201\120\074\116\016\147\141\116\366\147\201\120\074}{}% 63
\BOOKMARK [1][]{section*.65}{\376\377\173\054\000\040\0006\0004\000\040\131\051\377\032\116\214\221\315\171\357\122\006\166\204\151\202\137\365\124\214\140\047\215\050}{}% 64
\BOOKMARK [1][]{section*.66}{\376\377\173\054\000\040\0006\0005\000\040\131\051\377\032\166\364\211\322\127\120\150\007\174\373\116\013\116\214\221\315\171\357\122\006\166\204\213\241\173\227}{}% 65
\BOOKMARK [1][]{section*.67}{\376\377\173\054\000\040\0006\0006\000\040\131\051\377\032\147\201\127\120\150\007\174\373\116\013\116\214\221\315\171\357\122\006\166\204\213\241\173\227}{}% 66
\BOOKMARK [1][]{section*.68}{\376\377\173\054\000\040\0006\0007\000\040\131\051\377\032\116\011\221\315\171\357\122\006\166\204\151\202\137\365\000\040\166\364\211\322\127\120\150\007\174\373\116\013\116\011\221\315\171\357\122\006\166\204\213\241\173\227}{}% 67
\BOOKMARK [1][]{section*.69}{\376\377\173\054\000\040\0006\0008\000\040\131\051\377\032\147\361\227\142\127\120\150\007\174\373\116\016\164\003\227\142\127\120\150\007\174\373\116\013\116\011\221\315\171\357\122\006\166\204\213\241\173\227}{}% 68
\BOOKMARK [1][]{section*.70}{\376\377\173\054\000\040\0006\0009\000\040\131\051\377\032\221\315\171\357\122\006\166\204\143\142\121\103\154\325}{}% 69
\BOOKMARK [1][]{section*.71}{\376\377\173\054\000\040\0007\0000\000\040\131\051\377\032\116\000\116\233\121\167\147\011\162\171\133\232\176\323\147\204\166\204\221\315\171\357\122\006\166\204\213\241\173\227}{}% 70
\BOOKMARK [1][]{section*.72}{\376\377\173\054\000\040\0007\0001\000\040\131\051\377\032\221\315\171\357\122\006\166\204\136\224\165\050}{}% 71
\BOOKMARK [1][]{section*.73}{\376\377\173\054\000\040\0007\0002\000\040\131\051\377\032\124\053\123\302\123\330\221\317\166\204\171\357\122\006}{}% 72
\BOOKMARK [1][]{section*.74}{\376\377\173\054\000\040\0007\0003\000\040\131\051\377\032\133\371\137\047\225\177\166\204\146\362\176\277\171\357\122\006}{}% 73
\BOOKMARK [1][]{section*.75}{\376\377\173\054\000\040\0007\0004\000\040\131\051\377\032\133\371\127\120\150\007\166\204\146\362\176\277\171\357\122\006}{}% 74
\BOOKMARK [1][]{section*.76}{\376\377\173\054\000\040\0007\0005\000\040\131\051\377\032\150\074\147\227\121\154\137\017\123\312\121\166\136\224\165\050}{}% 75
\BOOKMARK [1][]{section*.77}{\376\377\173\054\000\040\0007\0006\000\040\131\051\377\032\171\357\122\006\116\016\215\357\137\204\145\340\121\163\166\204\173\111\116\367\143\317\217\360\123\312\121\166\136\224\165\050}{}% 76
\BOOKMARK [1][]{section*.78}{\376\377\173\054\000\040\0007\0007\000\040\131\051\377\032\171\357\122\006\116\016\215\357\137\204\145\340\121\163\116\016\137\256\122\006\145\271\172\013\154\102\211\343}{}% 77
\BOOKMARK [1][]{section*.79}{\376\377\173\054\000\040\0007\0008\000\040\131\051\377\032\133\371\227\142\171\357\166\204\146\362\227\142\171\357\122\006\123\312\127\372\147\054\213\241\173\227\145\271\154\325}{}% 78
\BOOKMARK [1][]{section*.80}{\376\377\173\054\000\040\0007\0009\000\040\131\051\377\032\133\371\127\120\150\007\166\204\146\362\227\142\171\357\122\006\123\312\127\372\147\054\213\241\173\227\145\271\154\325}{}% 79
\BOOKMARK [1][]{section*.81}{\376\377\173\054\000\040\0008\0000\000\040\131\051\377\032\232\330\145\257\121\154\137\017\000\040\145\143\136\246}{}% 80
\BOOKMARK [1][]{section*.82}{\376\377\173\054\000\040\0008\0001\000\040\131\051\377\032\145\257\142\130\121\113\145\257\121\154\137\017\060\001\145\313\136\246\116\016\127\072\213\272\122\035\153\145}{}% 81
\BOOKMARK [1][]{section*.83}{\376\377\173\054\000\040\0008\0002\000\040\131\051\377\032\136\070\145\160\230\171\176\247\145\160\166\204\151\202\137\365\116\016\140\047\215\050}{}% 82
\BOOKMARK [1][]{section*.84}{\376\377\173\054\000\040\0008\0003\000\040\131\051\377\032\153\143\230\171\176\247\145\160\123\312\121\166\133\241\145\133\154\325}{}% 83
\BOOKMARK [1][]{section*.85}{\376\377\173\054\000\040\0008\0004\000\040\131\051\377\032\116\000\202\054\230\171\145\160\120\074\176\247\145\160\166\204\145\133\145\143\140\047\122\044\122\053\145\271\154\325}{}% 84
\BOOKMARK [1][]{section*.86}{\376\377\173\054\000\040\0008\0005\000\040\131\051\377\032\121\375\145\160\230\171\176\247\145\160\166\204\151\202\137\365\123\312\121\166\377\010\116\000\201\364\377\011\145\066\145\133\140\047\000*}{}% 85
\BOOKMARK [1][]{section*.87}{\376\377\173\054\000\040\0008\0006\000\040\131\051\377\032\136\102\176\247\145\160\166\204\145\066\145\133\127\337\116\016\124\214\121\375\145\160}{}% 86
\BOOKMARK [1][]{section*.88}{\376\377\173\054\000\040\0008\0007\000\040\131\051\377\032\121\375\145\160\166\204\136\102\176\247\145\160\134\125\137\000\137\017\123\312\121\166\136\224\165\050}{}% 87
\BOOKMARK [1][]{section*.89}{\376\377\173\054\000\040\0008\0008\000\040\131\051\377\032\121\375\145\160\166\204\136\102\176\247\145\160\134\125\137\000\137\017\123\312\121\166\136\224\165\050\377\010\116\214\377\011}{}% 88
\BOOKMARK [1][]{section*.90}{\376\377\173\054\000\040\0008\0009\000\040\131\051\377\032\120\205\221\314\123\366\176\247\145\160\134\125\137\000\123\312\145\133\145\143\140\047\166\204\122\044\133\232}{}% 89
\BOOKMARK [1][]{section*.91}{\376\377\173\054\000\040\0009\0000\000\040\131\051\377\032\200\003\170\024\145\160\133\146\116\055\166\204\176\317\155\116\145\160\133\146\225\356\230\230}{}% 90
\BOOKMARK [1][]{section*.92}{\376\377\173\054\000\040\0009\0001\000\040\131\051\377\032\200\003\170\024\145\160\133\146\116\055\166\204\135\356\122\006\145\271\172\013\121\170\127\213\230\230}{}% 91
\BOOKMARK [1][]{section*.93}{\376\377\173\054\000\040\0009\0002\000\040\131\051\377\032\116\055\120\074\133\232\164\006\166\204\176\374\124\010\136\224\165\050\116\113\173\111\137\017\166\204\213\301\146\016}{}% 92
\BOOKMARK [1][]{section*.94}{\376\377\173\054\000\040\0009\0003\000\040\131\051\377\032\116\055\120\074\133\232\164\006\166\204\176\374\124\010\136\224\165\050\116\113\116\015\173\111\137\017\166\204\213\301\146\016}{}% 93
\BOOKMARK [1][]{section*.95}{\376\377\173\054\000\040\0009\0004\000\040\131\051\377\032\210\114\122\027\137\017\213\241\173\227\116\016\166\370\121\163\140\047\215\050}{}% 94
\BOOKMARK [1][]{section*.96}{\376\377\173\054\000\040\0009\0005\000\040\131\051\377\032\167\351\226\065\123\312\121\166\217\320\173\227}{}% 95
\BOOKMARK [1][]{section*.97}{\376\377\173\054\000\040\0009\0007\000\040\131\051\377\032\176\277\140\047\145\271\172\013\176\304}{}% 96
\BOOKMARK [1][]{section*.98}{\376\377\173\054\000\040\0009\0008\000\040\131\051\377\032\162\171\137\201\120\074\116\016\162\171\137\201\124\021\221\317}{}% 97
\BOOKMARK [1][]{section*.99}{\376\377\173\054\000\040\0009\0009\000\040\131\051\377\032\116\214\153\041\127\213}{}% 98
\BOOKMARK [1][]{section*.100}{\376\377\173\054\000\040\0001\0000\0000\000\040\131\051\377\032\176\374\124\010\230\230}{}% 99
