This is XeTeX, Version 3.141592653-2.6-0.999996 (TeX Live 2024) (preloaded format=xelatex 2025.2.17)  10 MAY 2026 22:47
entering extended mode
 restricted \write18 enabled.
 file:line:error style messages enabled.
 %&-line parsing enabled.
**/Users/lvlvxiangxin/Desktop/code/latex2/main.tex
(/Users/lvlvxiangxin/Desktop/code/latex2/main.tex
LaTeX2e <2023-11-01> patch level 1
L3 programming layer <2024-02-20>
(/usr/local/texlive/2024/texmf-dist/tex/latex/extsizes/extarticle.cls
Document Class: extarticle 1996/10/08 v1.0 Non Standard LaTeX document class
(/usr/local/texlive/2024/texmf-dist/tex/latex/base/size12.clo
File: size12.clo 2023/05/17 v1.4n Standard LaTeX file (size option)
) (/usr/local/texlive/2024/texmf-dist/tex/latex/base/exscale.sty
Package: exscale 2018/09/24 v2.1i Standard LaTeX package exscale
LaTeX Font Info:    Redeclaring symbol font `largesymbols' on input line 57.
LaTeX Font Info:    Overwriting symbol font `largesymbols' in version `normal'
(Font)                  OMX/cmex/m/n --> OMX/cmex/m/n on input line 57.
LaTeX Font Info:    Overwriting symbol font `largesymbols' in version `bold'
(Font)                  OMX/cmex/m/n --> OMX/cmex/m/n on input line 57.
\big@size=\dimen140
)
\c@part=\count184
\c@section=\count185
\c@subsection=\count186
\c@subsubsection=\count187
\c@paragraph=\count188
\c@subparagraph=\count189
\c@figure=\count190
\c@table=\count191
\abovecaptionskip=\skip48
\belowcaptionskip=\skip49
\bibindent=\dimen141
) (/usr/local/texlive/2024/texmf-dist/tex/latex/ctex/ctex.sty (/usr/local/texlive/2024/texmf-dist/tex/latex/l3kernel/expl3.sty
Package: expl3 2024-02-20 L3 programming layer (loader) 
 (/usr/local/texlive/2024/texmf-dist/tex/latex/l3backend/l3backend-xetex.def
File: l3backend-xetex.def 2024-02-20 L3 backend support: XeTeX
\g__graphics_track_int=\count192
\l__pdf_internal_box=\box51
\g__pdf_backend_object_int=\count193
\g__pdf_backend_annotation_int=\count194
\g__pdf_backend_link_int=\count195
))
Package: ctex 2022/07/14 v2.5.10 Chinese adapter in LaTeX (CTEX)
 (/usr/local/texlive/2024/texmf-dist/tex/latex/ctex/ctexhook.sty
Package: ctexhook 2022/07/14 v2.5.10 Document and package hooks (CTEX)
) (/usr/local/texlive/2024/texmf-dist/tex/latex/ctex/ctexpatch.sty
Package: ctexpatch 2022/07/14 v2.5.10 Patching commands (CTEX)
) (/usr/local/texlive/2024/texmf-dist/tex/latex/base/fix-cm.sty
Package: fix-cm 2020/11/24 v1.1t fixes to LaTeX
 (/usr/local/texlive/2024/texmf-dist/tex/latex/base/ts1enc.def
File: ts1enc.def 2001/06/05 v3.0e (jk/car/fm) Standard LaTeX file
LaTeX Font Info:    Redeclaring font encoding TS1 on input line 47.
))
\l__ctex_tmp_int=\count196
\l__ctex_tmp_box=\box52
\l__ctex_tmp_dim=\dimen142
\g__ctex_section_depth_int=\count197
\g__ctex_font_size_int=\count198
 (/usr/local/texlive/2024/texmf-dist/tex/latex/ctex/config/ctexopts.cfg
File: ctexopts.cfg 2022/07/14 v2.5.10 Option configuration file (CTEX)
) (/usr/local/texlive/2024/texmf-dist/tex/latex/ctex/engine/ctex-engine-xetex.def
File: ctex-engine-xetex.def 2022/07/14 v2.5.10 XeLaTeX adapter (CTEX)
 (/usr/local/texlive/2024/texmf-dist/tex/xelatex/xecjk/xeCJK.sty
Package: xeCJK 2022/08/05 v3.9.1 Typesetting CJK scripts with XeLaTeX
 (/usr/local/texlive/2024/texmf-dist/tex/latex/l3packages/xtemplate/xtemplate.sty (/usr/local/texlive/2024/texmf-dist/tex/latex/l3packages/xtemplate/xtemplate-2023-10-10.sty
Package: xtemplate 2023-10-10 L3 Experimental prototype document functions
\l__xtemplate_tmp_dim=\dimen143
\l__xtemplate_tmp_int=\count199
\l__xtemplate_tmp_muskip=\muskip16
\l__xtemplate_tmp_skip=\skip50
))
\l__xeCJK_tmp_int=\count266
\l__xeCJK_tmp_box=\box53
\l__xeCJK_tmp_dim=\dimen144
\l__xeCJK_tmp_skip=\skip51
\g__xeCJK_space_factor_int=\count267
\l__xeCJK_begin_int=\count268
\l__xeCJK_end_int=\count269
\c__xeCJK_CJK_class_int=\XeTeXcharclass1
\c__xeCJK_FullLeft_class_int=\XeTeXcharclass2
\c__xeCJK_FullRight_class_int=\XeTeXcharclass3
\c__xeCJK_HalfLeft_class_int=\XeTeXcharclass4
\c__xeCJK_HalfRight_class_int=\XeTeXcharclass5
\c__xeCJK_NormalSpace_class_int=\XeTeXcharclass6
\c__xeCJK_CM_class_int=\XeTeXcharclass7
\c__xeCJK_HangulJamo_class_int=\XeTeXcharclass8
\l__xeCJK_last_skip=\skip52
\c__xeCJK_none_node=\count270
\g__xeCJK_node_int=\count271
\c__xeCJK_CJK_node_dim=\dimen145
\c__xeCJK_CJK-space_node_dim=\dimen146
\c__xeCJK_default_node_dim=\dimen147
\c__xeCJK_CJK-widow_node_dim=\dimen148
\c__xeCJK_normalspace_node_dim=\dimen149
\c__xeCJK_default-space_node_skip=\skip53
\l__xeCJK_ccglue_skip=\skip54
\l__xeCJK_ecglue_skip=\skip55
\l__xeCJK_punct_kern_skip=\skip56
\l__xeCJK_indent_box=\box54
\l__xeCJK_last_penalty_int=\count272
\l__xeCJK_last_bound_dim=\dimen150
\l__xeCJK_last_kern_dim=\dimen151
\l__xeCJK_widow_penalty_int=\count273

Package xtemplate Info: Declaring object type 'xeCJK/punctuation' taking 0
(xtemplate)             argument(s) on line 2396.

\l__xeCJK_fixed_punct_width_dim=\dimen152
\l__xeCJK_mixed_punct_width_dim=\dimen153
\l__xeCJK_middle_punct_width_dim=\dimen154
\l__xeCJK_fixed_margin_width_dim=\dimen155
\l__xeCJK_mixed_margin_width_dim=\dimen156
\l__xeCJK_middle_margin_width_dim=\dimen157
\l__xeCJK_bound_punct_width_dim=\dimen158
\l__xeCJK_bound_margin_width_dim=\dimen159
\l__xeCJK_margin_minimum_dim=\dimen160
\l__xeCJK_kerning_total_width_dim=\dimen161
\l__xeCJK_same_align_margin_dim=\dimen162
\l__xeCJK_different_align_margin_dim=\dimen163
\l__xeCJK_kerning_margin_width_dim=\dimen164
\l__xeCJK_kerning_margin_minimum_dim=\dimen165
\l__xeCJK_bound_dim=\dimen166
\l__xeCJK_reverse_bound_dim=\dimen167
\l__xeCJK_margin_dim=\dimen168
\l__xeCJK_minimum_bound_dim=\dimen169
\l__xeCJK_kerning_margin_dim=\dimen170
\g__xeCJK_family_int=\count274
\l__xeCJK_fam_int=\count275
\g__xeCJK_fam_allocation_int=\count276
\l__xeCJK_verb_case_int=\count277
\l__xeCJK_verb_exspace_skip=\skip57
 (/usr/local/texlive/2024/texmf-dist/tex/latex/fontspec/fontspec.sty (/usr/local/texlive/2024/texmf-dist/tex/latex/l3packages/xparse/xparse.sty
Package: xparse 2024-02-18 L3 Experimental document command parser
)
Package: fontspec 2024/02/13 v2.9a Font selection for XeLaTeX and LuaLaTeX
 (/usr/local/texlive/2024/texmf-dist/tex/latex/fontspec/fontspec-xetex.sty
Package: fontspec-xetex 2024/02/13 v2.9a Font selection for XeLaTeX and LuaLaTeX
\l__fontspec_script_int=\count278
\l__fontspec_language_int=\count279
\l__fontspec_strnum_int=\count280
\l__fontspec_tmp_int=\count281
\l__fontspec_tmpa_int=\count282
\l__fontspec_tmpb_int=\count283
\l__fontspec_tmpc_int=\count284
\l__fontspec_em_int=\count285
\l__fontspec_emdef_int=\count286
\l__fontspec_strong_int=\count287
\l__fontspec_strongdef_int=\count288
\l__fontspec_tmpa_dim=\dimen171
\l__fontspec_tmpb_dim=\dimen172
\l__fontspec_tmpc_dim=\dimen173
 (/usr/local/texlive/2024/texmf-dist/tex/latex/base/fontenc.sty
Package: fontenc 2021/04/29 v2.0v Standard LaTeX package
) (/usr/local/texlive/2024/texmf-dist/tex/latex/fontspec/fontspec.cfg))) (/usr/local/texlive/2024/texmf-dist/tex/xelatex/xecjk/xeCJK.cfg
File: xeCJK.cfg 2022/08/05 v3.9.1 Configuration file for xeCJK package
))
\ccwd=\dimen174
\l__ctex_ccglue_skip=\skip58
)
\l__ctex_ziju_dim=\dimen175
 (/usr/local/texlive/2024/texmf-dist/tex/latex/zhnumber/zhnumber.sty
Package: zhnumber 2022/07/14 v3.0 Typesetting numbers with Chinese glyphs
\l__zhnum_scale_int=\count289
\l__zhnum_tmp_int=\count290
 (/usr/local/texlive/2024/texmf-dist/tex/latex/zhnumber/zhnumber-utf8.cfg
File: zhnumber-utf8.cfg 2022/07/14 v3.0 Chinese numerals with UTF8 encoding
)) (/usr/local/texlive/2024/texmf-dist/tex/latex/ctex/scheme/ctex-scheme-chinese.def
File: ctex-scheme-chinese.def 2022/07/14 v2.5.10 Chinese scheme for generic (CTEX)
 (/usr/local/texlive/2024/texmf-dist/tex/latex/ctex/config/ctex-name-utf8.cfg
File: ctex-name-utf8.cfg 2022/07/14 v2.5.10 Caption with encoding UTF-8 (CTEX)
)) (/usr/local/texlive/2024/texmf-dist/tex/latex/ctex/fontset/ctex-fontset-mac.def
File: ctex-fontset-mac.def 2022/07/14 v2.5.10 macOS fonts definition (CTEX)
 (/usr/local/texlive/2024/texmf-dist/tex/latex/ctex/fontset/ctex-fontset-macold.def
File: ctex-fontset-macold.def 2022/07/14 v2.5.10 macOS fonts definition for Yosemite or earlier version (CTEX)

Package fontspec Info: Could not resolve font "STKaiti/B" (it probably doesn't
(fontspec)             exist).


Package fontspec Info: Could not resolve font "STHeiti/I" (it probably doesn't
(fontspec)             exist).


Package fontspec Info: Could not resolve font "STSong/BI" (it probably doesn't
(fontspec)             exist).


Package fontspec Info: Font family 'STSong(0)' created for font 'STSong' with
(fontspec)             options
(fontspec)             [Script={CJK},BoldFont={STHeiti},ItalicFont={STKaiti}].
(fontspec)              
(fontspec)              This font family consists of the following NFSS
(fontspec)             series/shapes:
(fontspec)              
(fontspec)             - 'normal' (m/n) with NFSS spec.:
(fontspec)             <->"STSong/OT:script=hani;language=dflt;"
(fontspec)             - 'small caps'  (m/sc) with NFSS spec.: 
(fontspec)             - 'bold' (b/n) with NFSS spec.:
(fontspec)             <->"STHeiti/OT:script=hani;language=dflt;"
(fontspec)             - 'bold small caps'  (b/sc) with NFSS spec.: 
(fontspec)             - 'italic' (m/it) with NFSS spec.:
(fontspec)             <->"STKaiti/OT:script=hani;language=dflt;"
(fontspec)             - 'italic small caps'  (m/scit) with NFSS spec.: 

))) (/usr/local/texlive/2024/texmf-dist/tex/latex/ctex/config/ctex.cfg
File: ctex.cfg 2022/07/14 v2.5.10 Configuration file (CTEX)
) (/usr/local/texlive/2024/texmf-dist/tex/latex/amsmath/amsmath.sty
Package: amsmath 2023/05/13 v2.17o AMS math features
\@mathmargin=\skip59

For additional information on amsmath, use the `?' option.
(/usr/local/texlive/2024/texmf-dist/tex/latex/amsmath/amstext.sty
Package: amstext 2021/08/26 v2.01 AMS text
 (/usr/local/texlive/2024/texmf-dist/tex/latex/amsmath/amsgen.sty
File: amsgen.sty 1999/11/30 v2.0 generic functions
\@emptytoks=\toks17
\ex@=\dimen176
)) (/usr/local/texlive/2024/texmf-dist/tex/latex/amsmath/amsbsy.sty
Package: amsbsy 1999/11/29 v1.2d Bold Symbols
\pmbraise@=\dimen177
) (/usr/local/texlive/2024/texmf-dist/tex/latex/amsmath/amsopn.sty
Package: amsopn 2022/04/08 v2.04 operator names
)
\inf@bad=\count291
LaTeX Info: Redefining \frac on input line 234.
\uproot@=\count292
\leftroot@=\count293
LaTeX Info: Redefining \overline on input line 399.
LaTeX Info: Redefining \colon on input line 410.
\classnum@=\count294
\DOTSCASE@=\count295
LaTeX Info: Redefining \ldots on input line 496.
LaTeX Info: Redefining \dots on input line 499.
LaTeX Info: Redefining \cdots on input line 620.
\Mathstrutbox@=\box55
\strutbox@=\box56
LaTeX Info: Redefining \big on input line 722.
LaTeX Info: Redefining \Big on input line 723.
LaTeX Info: Redefining \bigg on input line 724.
LaTeX Info: Redefining \Bigg on input line 725.
\big@size=\dimen178
LaTeX Font Info:    Redeclaring font encoding OML on input line 743.
LaTeX Font Info:    Redeclaring font encoding OMS on input line 744.
\macc@depth=\count296
LaTeX Info: Redefining \bmod on input line 905.
LaTeX Info: Redefining \pmod on input line 910.
LaTeX Info: Redefining \smash on input line 940.
LaTeX Info: Redefining \relbar on input line 970.
LaTeX Info: Redefining \Relbar on input line 971.
\c@MaxMatrixCols=\count297
\dotsspace@=\muskip17
\c@parentequation=\count298
\dspbrk@lvl=\count299
\tag@help=\toks18
\row@=\count300
\column@=\count301
\maxfields@=\count302
\andhelp@=\toks19
\eqnshift@=\dimen179
\alignsep@=\dimen180
\tagshift@=\dimen181
\tagwidth@=\dimen182
\totwidth@=\dimen183
\lineht@=\dimen184
\@envbody=\toks20
\multlinegap=\skip60
\multlinetaggap=\skip61
\mathdisplay@stack=\toks21
LaTeX Info: Redefining \[ on input line 2953.
LaTeX Info: Redefining \] on input line 2954.
) (/usr/local/texlive/2024/texmf-dist/tex/latex/amsfonts/amssymb.sty
Package: amssymb 2013/01/14 v3.01 AMS font symbols
 (/usr/local/texlive/2024/texmf-dist/tex/latex/amsfonts/amsfonts.sty
Package: amsfonts 2013/01/14 v3.01 Basic AMSFonts support
\symAMSa=\mathgroup4
\symAMSb=\mathgroup5
LaTeX Font Info:    Redeclaring math symbol \hbar on input line 98.
LaTeX Font Info:    Overwriting math alphabet `\mathfrak' in version `bold'
(Font)                  U/euf/m/n --> U/euf/b/n on input line 106.
)) (/usr/local/texlive/2024/texmf-dist/tex/latex/mathtools/mathtools.sty
Package: mathtools 2024/03/11 v1.30 mathematical typesetting tools
 (/usr/local/texlive/2024/texmf-dist/tex/latex/graphics/keyval.sty
Package: keyval 2022/05/29 v1.15 key=value parser (DPC)
\KV@toks@=\toks22
) (/usr/local/texlive/2024/texmf-dist/tex/latex/tools/calc.sty
Package: calc 2023/07/08 v4.3 Infix arithmetic (KKT,FJ)
\calc@Acount=\count303
\calc@Bcount=\count304
\calc@Adimen=\dimen185
\calc@Bdimen=\dimen186
\calc@Askip=\skip62
\calc@Bskip=\skip63
LaTeX Info: Redefining \setlength on input line 80.
LaTeX Info: Redefining \addtolength on input line 81.
\calc@Ccount=\count305
\calc@Cskip=\skip64
) (/usr/local/texlive/2024/texmf-dist/tex/latex/mathtools/mhsetup.sty
Package: mhsetup 2021/03/18 v1.4 programming setup (MH)
)
\g_MT_multlinerow_int=\count306
\l_MT_multwidth_dim=\dimen187
\origjot=\skip65
\l_MT_shortvdotswithinadjustabove_dim=\dimen188
\l_MT_shortvdotswithinadjustbelow_dim=\dimen189
\l_MT_above_intertext_sep=\dimen190
\l_MT_below_intertext_sep=\dimen191
\l_MT_above_shortintertext_sep=\dimen192
\l_MT_below_shortintertext_sep=\dimen193
\xmathstrut@box=\box57
\xmathstrut@dim=\dimen194
) (/usr/local/texlive/2024/texmf-dist/tex/latex/physics/physics.sty
Package: physics 
) (/usr/local/texlive/2024/texmf-dist/tex/latex/tools/multicol.sty
Package: multicol 2023/03/30 v1.9f multicolumn formatting (FMi)
\c@tracingmulticols=\count307
\mult@box=\box58
\multicol@leftmargin=\dimen195
\c@unbalance=\count308
\c@collectmore=\count309
\doublecol@number=\count310
\multicoltolerance=\count311
\multicolpretolerance=\count312
\full@width=\dimen196
\page@free=\dimen197
\premulticols=\dimen198
\postmulticols=\dimen199
\multicolsep=\skip66
\multicolbaselineskip=\skip67
\partial@page=\box59
\last@line=\box60
\mc@boxedresult=\box61
\maxbalancingoverflow=\dimen256
\mult@rightbox=\box62
\mult@grightbox=\box63
\mult@firstbox=\box64
\mult@gfirstbox=\box65
\@tempa=\box66
\@tempa=\box67
\@tempa=\box68
\@tempa=\box69
\@tempa=\box70
\@tempa=\box71
\@tempa=\box72
\@tempa=\box73
\@tempa=\box74
\@tempa=\box75
\@tempa=\box76
\@tempa=\box77
\@tempa=\box78
\@tempa=\box79
\@tempa=\box80
\@tempa=\box81
\@tempa=\box82
\@tempa=\box83
\@tempa=\box84
\@tempa=\box85
\@tempa=\box86
\@tempa=\box87
\@tempa=\box88
\@tempa=\box89
\@tempa=\box90
\@tempa=\box91
\@tempa=\box92
\@tempa=\box93
\@tempa=\box94
\@tempa=\box95
\@tempa=\box96
\@tempa=\box97
\@tempa=\box98
\@tempa=\box99
\@tempa=\box100
\@tempa=\box101
\c@minrows=\count313
\c@columnbadness=\count314
\c@finalcolumnbadness=\count315
\last@try=\dimen257
\multicolovershoot=\dimen258
\multicolundershoot=\dimen259
\mult@nat@firstbox=\box102
\colbreak@box=\box103
\mc@col@check@num=\count316
) (/usr/local/texlive/2024/texmf-dist/tex/latex/psnfss/pifont.sty
Package: pifont 2020/03/25 PSNFSS-v9.3 Pi font support (SPQR) 
LaTeX Font Info:    Trying to load font information for U+pzd on input line 63.
 (/usr/local/texlive/2024/texmf-dist/tex/latex/psnfss/upzd.fd
File: upzd.fd 2001/06/04 font definitions for U/pzd.
)
LaTeX Font Info:    Trying to load font information for U+psy on input line 64.
 (/usr/local/texlive/2024/texmf-dist/tex/latex/psnfss/upsy.fd
File: upsy.fd 2001/06/04 font definitions for U/psy.
)) (/usr/local/texlive/2024/texmf-dist/tex/latex/graphics/graphicx.sty
Package: graphicx 2021/09/16 v1.2d Enhanced LaTeX Graphics (DPC,SPQR)
 (/usr/local/texlive/2024/texmf-dist/tex/latex/graphics/graphics.sty
Package: graphics 2022/03/10 v1.4e Standard LaTeX Graphics (DPC,SPQR)
 (/usr/local/texlive/2024/texmf-dist/tex/latex/graphics/trig.sty
Package: trig 2021/08/11 v1.11 sin cos tan (DPC)
) (/usr/local/texlive/2024/texmf-dist/tex/latex/graphics-cfg/graphics.cfg
File: graphics.cfg 2016/06/04 v1.11 sample graphics configuration
)
Package graphics Info: Driver file: xetex.def on input line 107.
 (/usr/local/texlive/2024/texmf-dist/tex/latex/graphics-def/xetex.def
File: xetex.def 2022/09/22 v5.0n Graphics/color driver for xetex
))
\Gin@req@height=\dimen260
\Gin@req@width=\dimen261
) (/usr/local/texlive/2024/texmf-dist/tex/latex/tcolorbox/tcolorbox.sty
Package: tcolorbox 2024/01/10 version 6.2.0 text color boxes
 (/usr/local/texlive/2024/texmf-dist/tex/latex/pgf/basiclayer/pgf.sty (/usr/local/texlive/2024/texmf-dist/tex/latex/pgf/utilities/pgfrcs.sty (/usr/local/texlive/2024/texmf-dist/tex/generic/pgf/utilities/pgfutil-common.tex
\pgfutil@everybye=\toks23
\pgfutil@tempdima=\dimen262
\pgfutil@tempdimb=\dimen263
) (/usr/local/texlive/2024/texmf-dist/tex/generic/pgf/utilities/pgfutil-latex.def
\pgfutil@abb=\box104
) (/usr/local/texlive/2024/texmf-dist/tex/generic/pgf/utilities/pgfrcs.code.tex (/usr/local/texlive/2024/texmf-dist/tex/generic/pgf/pgf.revision.tex)
Package: pgfrcs 2023-01-15 v3.1.10 (3.1.10)
))
Package: pgf 2023-01-15 v3.1.10 (3.1.10)
 (/usr/local/texlive/2024/texmf-dist/tex/latex/pgf/basiclayer/pgfcore.sty (/usr/local/texlive/2024/texmf-dist/tex/latex/pgf/systemlayer/pgfsys.sty (/usr/local/texlive/2024/texmf-dist/tex/generic/pgf/systemlayer/pgfsys.code.tex
Package: pgfsys 2023-01-15 v3.1.10 (3.1.10)
 (/usr/local/texlive/2024/texmf-dist/tex/generic/pgf/utilities/pgfkeys.code.tex
\pgfkeys@pathtoks=\toks24
\pgfkeys@temptoks=\toks25
 (/usr/local/texlive/2024/texmf-dist/tex/generic/pgf/utilities/pgfkeyslibraryfiltered.code.tex
\pgfkeys@tmptoks=\toks26
))
\pgf@x=\dimen264
\pgf@y=\dimen265
\pgf@xa=\dimen266
\pgf@ya=\dimen267
\pgf@xb=\dimen268
\pgf@yb=\dimen269
\pgf@xc=\dimen270
\pgf@yc=\dimen271
\pgf@xd=\dimen272
\pgf@yd=\dimen273
\w@pgf@writea=\write3
\r@pgf@reada=\read2
\c@pgf@counta=\count317
\c@pgf@countb=\count318
\c@pgf@countc=\count319
\c@pgf@countd=\count320
\t@pgf@toka=\toks27
\t@pgf@tokb=\toks28
\t@pgf@tokc=\toks29
\pgf@sys@id@count=\count321
 (/usr/local/texlive/2024/texmf-dist/tex/generic/pgf/systemlayer/pgf.cfg
File: pgf.cfg 2023-01-15 v3.1.10 (3.1.10)
)
Driver file for pgf: pgfsys-xetex.def
 (/usr/local/texlive/2024/texmf-dist/tex/generic/pgf/systemlayer/pgfsys-xetex.def
File: pgfsys-xetex.def 2023-01-15 v3.1.10 (3.1.10)
 (/usr/local/texlive/2024/texmf-dist/tex/generic/pgf/systemlayer/pgfsys-dvipdfmx.def
File: pgfsys-dvipdfmx.def 2023-01-15 v3.1.10 (3.1.10)
 (/usr/local/texlive/2024/texmf-dist/tex/generic/pgf/systemlayer/pgfsys-common-pdf.def
File: pgfsys-common-pdf.def 2023-01-15 v3.1.10 (3.1.10)
)
\pgfsys@objnum=\count322
))) (/usr/local/texlive/2024/texmf-dist/tex/generic/pgf/systemlayer/pgfsyssoftpath.code.tex
File: pgfsyssoftpath.code.tex 2023-01-15 v3.1.10 (3.1.10)
\pgfsyssoftpath@smallbuffer@items=\count323
\pgfsyssoftpath@bigbuffer@items=\count324
) (/usr/local/texlive/2024/texmf-dist/tex/generic/pgf/systemlayer/pgfsysprotocol.code.tex
File: pgfsysprotocol.code.tex 2023-01-15 v3.1.10 (3.1.10)
)) (/usr/local/texlive/2024/texmf-dist/tex/latex/xcolor/xcolor.sty
Package: xcolor 2023/11/15 v3.01 LaTeX color extensions (UK)
 (/usr/local/texlive/2024/texmf-dist/tex/latex/graphics-cfg/color.cfg
File: color.cfg 2016/01/02 v1.6 sample color configuration
)
Package xcolor Info: Driver file: xetex.def on input line 274.
 (/usr/local/texlive/2024/texmf-dist/tex/latex/graphics/mathcolor.ltx)
Package xcolor Info: Model `cmy' substituted by `cmy0' on input line 1350.
Package xcolor Info: Model `RGB' extended on input line 1366.
Package xcolor Info: Model `HTML' substituted by `rgb' on input line 1368.
Package xcolor Info: Model `Hsb' substituted by `hsb' on input line 1369.
Package xcolor Info: Model `tHsb' substituted by `hsb' on input line 1370.
Package xcolor Info: Model `HSB' substituted by `hsb' on input line 1371.
Package xcolor Info: Model `Gray' substituted by `gray' on input line 1372.
Package xcolor Info: Model `wave' substituted by `hsb' on input line 1373.
) (/usr/local/texlive/2024/texmf-dist/tex/generic/pgf/basiclayer/pgfcore.code.tex
Package: pgfcore 2023-01-15 v3.1.10 (3.1.10)
 (/usr/local/texlive/2024/texmf-dist/tex/generic/pgf/math/pgfmath.code.tex (/usr/local/texlive/2024/texmf-dist/tex/generic/pgf/math/pgfmathutil.code.tex) (/usr/local/texlive/2024/texmf-dist/tex/generic/pgf/math/pgfmathparser.code.tex
\pgfmath@dimen=\dimen274
\pgfmath@count=\count325
\pgfmath@box=\box105
\pgfmath@toks=\toks30
\pgfmath@stack@operand=\toks31
\pgfmath@stack@operation=\toks32
) (/usr/local/texlive/2024/texmf-dist/tex/generic/pgf/math/pgfmathfunctions.code.tex) (/usr/local/texlive/2024/texmf-dist/tex/generic/pgf/math/pgfmathfunctions.basic.code.tex) (/usr/local/texlive/2024/texmf-dist/tex/generic/pgf/math/pgfmathfunctions.trigonometric.code.tex) (/usr/local/texlive/2024/texmf-dist/tex/generic/pgf/math/pgfmathfunctions.random.code.tex) (/usr/local/texlive/2024/texmf-dist/tex/generic/pgf/math/pgfmathfunctions.comparison.code.tex) (/usr/local/texlive/2024/texmf-dist/tex/generic/pgf/math/pgfmathfunctions.base.code.tex) (/usr/local/texlive/2024/texmf-dist/tex/generic/pgf/math/pgfmathfunctions.round.code.tex) (/usr/local/texlive/2024/texmf-dist/tex/generic/pgf/math/pgfmathfunctions.misc.code.tex) (/usr/local/texlive/2024/texmf-dist/tex/generic/pgf/math/pgfmathfunctions.integerarithmetics.code.tex) (/usr/local/texlive/2024/texmf-dist/tex/generic/pgf/math/pgfmathcalc.code.tex) (/usr/local/texlive/2024/texmf-dist/tex/generic/pgf/math/pgfmathfloat.code.tex
\c@pgfmathroundto@lastzeros=\count326
)) (/usr/local/texlive/2024/texmf-dist/tex/generic/pgf/math/pgfint.code.tex) (/usr/local/texlive/2024/texmf-dist/tex/generic/pgf/basiclayer/pgfcorepoints.code.tex
File: pgfcorepoints.code.tex 2023-01-15 v3.1.10 (3.1.10)
\pgf@picminx=\dimen275
\pgf@picmaxx=\dimen276
\pgf@picminy=\dimen277
\pgf@picmaxy=\dimen278
\pgf@pathminx=\dimen279
\pgf@pathmaxx=\dimen280
\pgf@pathminy=\dimen281
\pgf@pathmaxy=\dimen282
\pgf@xx=\dimen283
\pgf@xy=\dimen284
\pgf@yx=\dimen285
\pgf@yy=\dimen286
\pgf@zx=\dimen287
\pgf@zy=\dimen288
) (/usr/local/texlive/2024/texmf-dist/tex/generic/pgf/basiclayer/pgfcorepathconstruct.code.tex
File: pgfcorepathconstruct.code.tex 2023-01-15 v3.1.10 (3.1.10)
\pgf@path@lastx=\dimen289
\pgf@path@lasty=\dimen290
) (/usr/local/texlive/2024/texmf-dist/tex/generic/pgf/basiclayer/pgfcorepathusage.code.tex
File: pgfcorepathusage.code.tex 2023-01-15 v3.1.10 (3.1.10)
\pgf@shorten@end@additional=\dimen291
\pgf@shorten@start@additional=\dimen292
) (/usr/local/texlive/2024/texmf-dist/tex/generic/pgf/basiclayer/pgfcorescopes.code.tex
File: pgfcorescopes.code.tex 2023-01-15 v3.1.10 (3.1.10)
\pgfpic=\box106
\pgf@hbox=\box107
\pgf@layerbox@main=\box108
\pgf@picture@serial@count=\count327
) (/usr/local/texlive/2024/texmf-dist/tex/generic/pgf/basiclayer/pgfcoregraphicstate.code.tex
File: pgfcoregraphicstate.code.tex 2023-01-15 v3.1.10 (3.1.10)
\pgflinewidth=\dimen293
) (/usr/local/texlive/2024/texmf-dist/tex/generic/pgf/basiclayer/pgfcoretransformations.code.tex
File: pgfcoretransformations.code.tex 2023-01-15 v3.1.10 (3.1.10)
\pgf@pt@x=\dimen294
\pgf@pt@y=\dimen295
\pgf@pt@temp=\dimen296
) (/usr/local/texlive/2024/texmf-dist/tex/generic/pgf/basiclayer/pgfcorequick.code.tex
File: pgfcorequick.code.tex 2023-01-15 v3.1.10 (3.1.10)
) (/usr/local/texlive/2024/texmf-dist/tex/generic/pgf/basiclayer/pgfcoreobjects.code.tex
File: pgfcoreobjects.code.tex 2023-01-15 v3.1.10 (3.1.10)
) (/usr/local/texlive/2024/texmf-dist/tex/generic/pgf/basiclayer/pgfcorepathprocessing.code.tex
File: pgfcorepathprocessing.code.tex 2023-01-15 v3.1.10 (3.1.10)
) (/usr/local/texlive/2024/texmf-dist/tex/generic/pgf/basiclayer/pgfcorearrows.code.tex
File: pgfcorearrows.code.tex 2023-01-15 v3.1.10 (3.1.10)
\pgfarrowsep=\dimen297
) (/usr/local/texlive/2024/texmf-dist/tex/generic/pgf/basiclayer/pgfcoreshade.code.tex
File: pgfcoreshade.code.tex 2023-01-15 v3.1.10 (3.1.10)
\pgf@max=\dimen298
\pgf@sys@shading@range@num=\count328
\pgf@shadingcount=\count329
) (/usr/local/texlive/2024/texmf-dist/tex/generic/pgf/basiclayer/pgfcoreimage.code.tex
File: pgfcoreimage.code.tex 2023-01-15 v3.1.10 (3.1.10)
) (/usr/local/texlive/2024/texmf-dist/tex/generic/pgf/basiclayer/pgfcoreexternal.code.tex
File: pgfcoreexternal.code.tex 2023-01-15 v3.1.10 (3.1.10)
\pgfexternal@startupbox=\box109
) (/usr/local/texlive/2024/texmf-dist/tex/generic/pgf/basiclayer/pgfcorelayers.code.tex
File: pgfcorelayers.code.tex 2023-01-15 v3.1.10 (3.1.10)
) (/usr/local/texlive/2024/texmf-dist/tex/generic/pgf/basiclayer/pgfcoretransparency.code.tex
File: pgfcoretransparency.code.tex 2023-01-15 v3.1.10 (3.1.10)
) (/usr/local/texlive/2024/texmf-dist/tex/generic/pgf/basiclayer/pgfcorepatterns.code.tex
File: pgfcorepatterns.code.tex 2023-01-15 v3.1.10 (3.1.10)
) (/usr/local/texlive/2024/texmf-dist/tex/generic/pgf/basiclayer/pgfcorerdf.code.tex
File: pgfcorerdf.code.tex 2023-01-15 v3.1.10 (3.1.10)
))) (/usr/local/texlive/2024/texmf-dist/tex/generic/pgf/modules/pgfmoduleshapes.code.tex
File: pgfmoduleshapes.code.tex 2023-01-15 v3.1.10 (3.1.10)
\pgfnodeparttextbox=\box110
) (/usr/local/texlive/2024/texmf-dist/tex/generic/pgf/modules/pgfmoduleplot.code.tex
File: pgfmoduleplot.code.tex 2023-01-15 v3.1.10 (3.1.10)
) (/usr/local/texlive/2024/texmf-dist/tex/latex/pgf/compatibility/pgfcomp-version-0-65.sty
Package: pgfcomp-version-0-65 2023-01-15 v3.1.10 (3.1.10)
\pgf@nodesepstart=\dimen299
\pgf@nodesepend=\dimen300
) (/usr/local/texlive/2024/texmf-dist/tex/latex/pgf/compatibility/pgfcomp-version-1-18.sty
Package: pgfcomp-version-1-18 2023-01-15 v3.1.10 (3.1.10)
)) (/usr/local/texlive/2024/texmf-dist/tex/latex/tools/verbatim.sty
Package: verbatim 2023-11-06 v1.5v LaTeX2e package for verbatim enhancements
\every@verbatim=\toks33
\verbatim@line=\toks34
\verbatim@in@stream=\read3
) (/usr/local/texlive/2024/texmf-dist/tex/latex/environ/environ.sty
Package: environ 2014/05/04 v0.3 A new way to define environments
 (/usr/local/texlive/2024/texmf-dist/tex/latex/trimspaces/trimspaces.sty
Package: trimspaces 2009/09/17 v1.1 Trim spaces around a token list
)) (/usr/local/texlive/2024/texmf-dist/tex/latex/etoolbox/etoolbox.sty
Package: etoolbox 2020/10/05 v2.5k e-TeX tools for LaTeX (JAW)
\etb@tempcnta=\count330
)
\tcb@titlebox=\box111
\tcb@upperbox=\box112
\tcb@lowerbox=\box113
\tcb@phantombox=\box114
\c@tcbbreakpart=\count331
\c@tcblayer=\count332
\c@tcolorbox@number=\count333
\l__tcobox_tmpa_box=\box115
\l__tcobox_tmpa_dim=\dimen301
\tcb@temp=\box116
\tcb@temp=\box117
\tcb@temp=\box118
\tcb@temp=\box119
 (/usr/local/texlive/2024/texmf-dist/tex/latex/tcolorbox/tcbraster.code.tex
Library (tcolorbox): 'tcbraster.code.tex' version '6.2.0'
\c@tcbrastercolumn=\count334
\c@tcbrasterrow=\count335
\c@tcbrasternum=\count336
\c@tcbraster=\count337
) (/usr/local/texlive/2024/texmf-dist/tex/latex/tcolorbox/tcbskins.code.tex
Library (tcolorbox): 'tcbskins.code.tex' version '6.2.0'
(/usr/local/texlive/2024/texmf-dist/tex/latex/pgf/frontendlayer/tikz.sty (/usr/local/texlive/2024/texmf-dist/tex/latex/pgf/utilities/pgffor.sty (/usr/local/texlive/2024/texmf-dist/tex/latex/pgf/utilities/pgfkeys.sty (/usr/local/texlive/2024/texmf-dist/tex/generic/pgf/utilities/pgfkeys.code.tex)) (/usr/local/texlive/2024/texmf-dist/tex/latex/pgf/math/pgfmath.sty (/usr/local/texlive/2024/texmf-dist/tex/generic/pgf/math/pgfmath.code.tex)) (/usr/local/texlive/2024/texmf-dist/tex/generic/pgf/utilities/pgffor.code.tex
Package: pgffor 2023-01-15 v3.1.10 (3.1.10)
\pgffor@iter=\dimen302
\pgffor@skip=\dimen303
\pgffor@stack=\toks35
\pgffor@toks=\toks36
)) (/usr/local/texlive/2024/texmf-dist/tex/generic/pgf/frontendlayer/tikz/tikz.code.tex
Package: tikz 2023-01-15 v3.1.10 (3.1.10)
 (/usr/local/texlive/2024/texmf-dist/tex/generic/pgf/libraries/pgflibraryplothandlers.code.tex
File: pgflibraryplothandlers.code.tex 2023-01-15 v3.1.10 (3.1.10)
\pgf@plot@mark@count=\count338
\pgfplotmarksize=\dimen304
)
\tikz@lastx=\dimen305
\tikz@lasty=\dimen306
\tikz@lastxsaved=\dimen307
\tikz@lastysaved=\dimen308
\tikz@lastmovetox=\dimen309
\tikz@lastmovetoy=\dimen310
\tikzleveldistance=\dimen311
\tikzsiblingdistance=\dimen312
\tikz@figbox=\box120
\tikz@figbox@bg=\box121
\tikz@tempbox=\box122
\tikz@tempbox@bg=\box123
\tikztreelevel=\count339
\tikznumberofchildren=\count340
\tikznumberofcurrentchild=\count341
\tikz@fig@count=\count342
 (/usr/local/texlive/2024/texmf-dist/tex/generic/pgf/modules/pgfmodulematrix.code.tex
File: pgfmodulematrix.code.tex 2023-01-15 v3.1.10 (3.1.10)
\pgfmatrixcurrentrow=\count343
\pgfmatrixcurrentcolumn=\count344
\pgf@matrix@numberofcolumns=\count345
)
\tikz@expandcount=\count346
 (/usr/local/texlive/2024/texmf-dist/tex/generic/pgf/frontendlayer/tikz/libraries/tikzlibrarytopaths.code.tex
File: tikzlibrarytopaths.code.tex 2023-01-15 v3.1.10 (3.1.10)
))) (/usr/local/texlive/2024/texmf-dist/tex/latex/tikzfill/tikzfill.image.sty
Package: tikzfill.image 2023/08/08 v1.0.1 Image filling library for TikZ
 (/usr/local/texlive/2024/texmf-dist/tex/latex/tikzfill/tikzfill-common.sty
Package: tikzfill-common 2023/08/08 v1.0.1 Auxiliary code for tikzfill
) (/usr/local/texlive/2024/texmf-dist/tex/latex/tikzfill/tikzlibraryfill.image.code.tex
File: tikzlibraryfill.image.code.tex 2023/08/08 v1.0.1 Image filling library
\l__tikzfill_img_box=\box124
)) (/usr/local/texlive/2024/texmf-dist/tex/latex/tcolorbox/tcbskinsjigsaw.code.tex
Library (tcolorbox): 'tcbskinsjigsaw.code.tex' version '6.2.0'
)) (/usr/local/texlive/2024/texmf-dist/tex/latex/tcolorbox/tcbbreakable.code.tex
Library (tcolorbox): 'tcbbreakable.code.tex' version '6.2.0'
(/usr/local/texlive/2024/texmf-dist/tex/latex/pdfcol/pdfcol.sty
Package: pdfcol 2022-09-21 v1.7 Handle new color stacks for pdfTeX (HO)
 (/usr/local/texlive/2024/texmf-dist/tex/generic/ltxcmds/ltxcmds.sty
Package: ltxcmds 2023-12-04 v1.26 LaTeX kernel commands for general use (HO)
) (/usr/local/texlive/2024/texmf-dist/tex/generic/infwarerr/infwarerr.sty
Package: infwarerr 2019/12/03 v1.5 Providing info/warning/error messages (HO)
) (/usr/local/texlive/2024/texmf-dist/tex/generic/iftex/iftex.sty
Package: iftex 2022/02/03 v1.0f TeX engine tests
)
Package pdfcol Info: Interface disabled because of missing PDF mode of pdfTeX.
)
Package pdfcol Info: pdfTeX's color stacks are not available.
\tcb@testbox=\box125
\tcb@totalupperbox=\box126
\tcb@totallowerbox=\box127
) (/usr/local/texlive/2024/texmf-dist/tex/latex/tcolorbox/tcbhooks.code.tex
Library (tcolorbox): 'tcbhooks.code.tex' version '6.2.0'
) (/usr/local/texlive/2024/texmf-dist/tex/latex/tcolorbox/tcbtheorems.code.tex
Library (tcolorbox): 'tcbtheorems.code.tex' version '6.2.0'
) (/usr/local/texlive/2024/texmf-dist/tex/latex/tcolorbox/tcbfitting.code.tex
Library (tcolorbox): 'tcbfitting.code.tex' version '6.2.0'
\tcbfitdim=\dimen313
\tcb@lowerfitdim=\dimen314
\tcb@upperfitdim=\dimen315
\tcb@cur@hbadness=\count347
) (/usr/local/texlive/2024/texmf-dist/tex/latex/tcolorbox/tcblistingsutf8.code.tex
Library (tcolorbox): 'tcblistingsutf8.code.tex' version '6.2.0'
(/usr/local/texlive/2024/texmf-dist/tex/latex/tcolorbox/tcblistings.code.tex
Library (tcolorbox): 'tcblistings.code.tex' version '6.2.0'
(/usr/local/texlive/2024/texmf-dist/tex/latex/listings/listings.sty
\lst@mode=\count348
\lst@gtempboxa=\box128
\lst@token=\toks37
\lst@length=\count349
\lst@currlwidth=\dimen316
\lst@column=\count350
\lst@pos=\count351
\lst@lostspace=\dimen317
\lst@width=\dimen318
\lst@newlines=\count352
\lst@lineno=\count353
\lst@maxwidth=\dimen319
 (/usr/local/texlive/2024/texmf-dist/tex/latex/listings/lstpatch.sty
File: lstpatch.sty 2024/02/21 1.10 (Carsten Heinz)
) (/usr/local/texlive/2024/texmf-dist/tex/latex/listings/lstmisc.sty
File: lstmisc.sty 2024/02/21 1.10 (Carsten Heinz)
\c@lstnumber=\count354
\lst@skipnumbers=\count355
\lst@framebox=\box129
) (/usr/local/texlive/2024/texmf-dist/tex/latex/listings/listings.cfg
File: listings.cfg 2024/02/21 1.10 listings configuration
))
Package: listings 2024/02/21 1.10 (Carsten Heinz)
 (/usr/local/texlive/2024/texmf-dist/tex/xelatex/xecjk/xeCJK-listings.sty
Package: xeCJK-listings 2022/08/05 v3.9.1 xeCJK patch file for listings
\l__xeCJK_listings_max_char_int=\count356
\l__xeCJK_listings_flag_int=\count357
) (/usr/local/texlive/2024/texmf-dist/tex/latex/tcolorbox/tcblistingscore.code.tex
Library (tcolorbox): 'tcblistingscore.code.tex' version '6.2.0'
(/usr/local/texlive/2024/texmf-dist/tex/latex/tcolorbox/tcbprocessing.code.tex
Library (tcolorbox): 'tcbprocessing.code.tex' version '6.2.0'
)
\c@tcblisting=\count358
))
Package tcolorbox Info: Library `listingsutf8' is compatible with pdftex only. Library `listings` is loaded instead. on input line 29.
) (/usr/local/texlive/2024/texmf-dist/tex/latex/tcolorbox/tcbexternal.code.tex
Library (tcolorbox): 'tcbexternal.code.tex' version '6.2.0'
) (/usr/local/texlive/2024/texmf-dist/tex/latex/tcolorbox/tcbmagazine.code.tex
Library (tcolorbox): 'tcbmagazine.code.tex' version '6.2.0'
) (/usr/local/texlive/2024/texmf-dist/tex/latex/tcolorbox/tcbvignette.code.tex
Library (tcolorbox): 'tcbvignette.code.tex' version '6.2.0'
(/usr/local/texlive/2024/texmf-dist/tex/generic/pgf/frontendlayer/tikz/libraries/tikzlibraryfadings.code.tex
File: tikzlibraryfadings.code.tex 2023-01-15 v3.1.10 (3.1.10)
 (/usr/local/texlive/2024/texmf-dist/tex/generic/pgf/libraries/pgflibraryfadings.code.tex
File: pgflibraryfadings.code.tex 2023-01-15 v3.1.10 (3.1.10)
))) (/usr/local/texlive/2024/texmf-dist/tex/latex/tcolorbox/tcbposter.code.tex
Library (tcolorbox): 'tcbposter.code.tex' version '6.2.0'
)) (/usr/local/texlive/2024/texmf-dist/tex/latex/enumitem/enumitem.sty
Package: enumitem 2019/06/20 v3.9 Customized lists
\labelindent=\skip68
\enit@outerparindent=\dimen320
\enit@toks=\toks38
\enit@inbox=\box130
\enit@count@id=\count359
\enitdp@description=\count360
) (/usr/local/texlive/2024/texmf-dist/tex/latex/fancyhdr/fancyhdr.sty
Package: fancyhdr 2022/11/09 v4.1 Extensive control of page headers and footers
\f@nch@headwidth=\skip69
\f@nch@O@elh=\skip70
\f@nch@O@erh=\skip71
\f@nch@O@olh=\skip72
\f@nch@O@orh=\skip73
\f@nch@O@elf=\skip74
\f@nch@O@erf=\skip75
\f@nch@O@olf=\skip76
\f@nch@O@orf=\skip77
) (/usr/local/texlive/2024/texmf-dist/tex/latex/titlesec/titletoc.sty
Package: titletoc 2023/10/27 v2.16 TOC entries
\ttl@leftsep=\dimen321
) (/usr/local/texlive/2024/texmf-dist/tex/latex/needspace/needspace.sty
Package: needspace 2010/09/12 v1.3d reserve vertical space
) (/usr/local/texlive/2024/texmf-dist/tex/latex/geometry/geometry.sty
Package: geometry 2020/01/02 v5.9 Page Geometry
 (/usr/local/texlive/2024/texmf-dist/tex/generic/iftex/ifvtex.sty
Package: ifvtex 2019/10/25 v1.7 ifvtex legacy package. Use iftex instead.
)
\Gm@cnth=\count361
\Gm@cntv=\count362
\c@Gm@tempcnt=\count363
\Gm@bindingoffset=\dimen322
\Gm@wd@mp=\dimen323
\Gm@odd@mp=\dimen324
\Gm@even@mp=\dimen325
\Gm@layoutwidth=\dimen326
\Gm@layoutheight=\dimen327
\Gm@layouthoffset=\dimen328
\Gm@layoutvoffset=\dimen329
\Gm@dimlist=\toks39
) (/usr/local/texlive/2024/texmf-dist/tex/latex/hyperref/hyperref.sty
Package: hyperref 2024-01-20 v7.01h Hypertext links for LaTeX
 (/usr/local/texlive/2024/texmf-dist/tex/latex/kvsetkeys/kvsetkeys.sty
Package: kvsetkeys 2022-10-05 v1.19 Key value parser (HO)
) (/usr/local/texlive/2024/texmf-dist/tex/generic/kvdefinekeys/kvdefinekeys.sty
Package: kvdefinekeys 2019-12-19 v1.6 Define keys (HO)
) (/usr/local/texlive/2024/texmf-dist/tex/generic/pdfescape/pdfescape.sty
Package: pdfescape 2019/12/09 v1.15 Implements pdfTeX's escape features (HO)
 (/usr/local/texlive/2024/texmf-dist/tex/generic/pdftexcmds/pdftexcmds.sty
Package: pdftexcmds 2020-06-27 v0.33 Utility functions of pdfTeX for LuaTeX (HO)
Package pdftexcmds Info: \pdf@primitive is available.
Package pdftexcmds Info: \pdf@ifprimitive is available.
Package pdftexcmds Info: \pdfdraftmode not found.
)) (/usr/local/texlive/2024/texmf-dist/tex/latex/hycolor/hycolor.sty
Package: hycolor 2020-01-27 v1.10 Color options for hyperref/bookmark (HO)
) (/usr/local/texlive/2024/texmf-dist/tex/latex/auxhook/auxhook.sty
Package: auxhook 2019-12-17 v1.6 Hooks for auxiliary files (HO)
) (/usr/local/texlive/2024/texmf-dist/tex/latex/hyperref/nameref.sty
Package: nameref 2023-11-26 v2.56 Cross-referencing by name of section
 (/usr/local/texlive/2024/texmf-dist/tex/latex/refcount/refcount.sty
Package: refcount 2019/12/15 v3.6 Data extraction from label references (HO)
) (/usr/local/texlive/2024/texmf-dist/tex/generic/gettitlestring/gettitlestring.sty
Package: gettitlestring 2019/12/15 v1.6 Cleanup title references (HO)
 (/usr/local/texlive/2024/texmf-dist/tex/latex/kvoptions/kvoptions.sty
Package: kvoptions 2022-06-15 v3.15 Key value format for package options (HO)
))
\c@section@level=\count364
)
\@linkdim=\dimen330
\Hy@linkcounter=\count365
\Hy@pagecounter=\count366
 (/usr/local/texlive/2024/texmf-dist/tex/latex/hyperref/pd1enc.def
File: pd1enc.def 2024-01-20 v7.01h Hyperref: PDFDocEncoding definition (HO)
) (/usr/local/texlive/2024/texmf-dist/tex/generic/intcalc/intcalc.sty
Package: intcalc 2019/12/15 v1.3 Expandable calculations with integers (HO)
)
\Hy@SavedSpaceFactor=\count367
 (/usr/local/texlive/2024/texmf-dist/tex/latex/hyperref/puenc.def
File: puenc.def 2024-01-20 v7.01h Hyperref: PDF Unicode definition (HO)
)
Package hyperref Info: Option `unicode' set `true' on input line 4062.
Package hyperref Info: Option `colorlinks' set `true' on input line 4062.
Package hyperref Info: Option `bookmarksnumbered' set `true' on input line 4062.
Package hyperref Info: Option `bookmarksopen' set `true' on input line 4062.
Package hyperref Info: Hyper figures OFF on input line 4179.
Package hyperref Info: Link nesting OFF on input line 4184.
Package hyperref Info: Hyper index ON on input line 4187.
Package hyperref Info: Plain pages OFF on input line 4194.
Package hyperref Info: Backreferencing OFF on input line 4199.
Package hyperref Info: Implicit mode ON; LaTeX internals redefined.
Package hyperref Info: Bookmarks ON on input line 4446.
\c@Hy@tempcnt=\count368
 (/usr/local/texlive/2024/texmf-dist/tex/latex/url/url.sty
\Urlmuskip=\muskip18
Package: url 2013/09/16  ver 3.4  Verb mode for urls, etc.
)
LaTeX Info: Redefining \url on input line 4784.
\XeTeXLinkMargin=\dimen331
 (/usr/local/texlive/2024/texmf-dist/tex/generic/bitset/bitset.sty
Package: bitset 2019/12/09 v1.3 Handle bit-vector datatype (HO)
 (/usr/local/texlive/2024/texmf-dist/tex/generic/bigintcalc/bigintcalc.sty
Package: bigintcalc 2019/12/15 v1.5 Expandable calculations on big integers (HO)
))
\Fld@menulength=\count369
\Field@Width=\dimen332
\Fld@charsize=\dimen333
Package hyperref Info: Hyper figures OFF on input line 6063.
Package hyperref Info: Link nesting OFF on input line 6068.
Package hyperref Info: Hyper index ON on input line 6071.
Package hyperref Info: backreferencing OFF on input line 6078.
Package hyperref Info: Link coloring ON on input line 6081.
Package hyperref Info: Link coloring with OCG OFF on input line 6088.
Package hyperref Info: PDF/A mode OFF on input line 6093.
 (/usr/local/texlive/2024/texmf-dist/tex/latex/base/atbegshi-ltx.sty
Package: atbegshi-ltx 2021/01/10 v1.0c Emulation of the original atbegshi
package with kernel methods
)
\Hy@abspage=\count370
\c@Item=\count371
\c@Hfootnote=\count372
)
Package hyperref Info: Driver (autodetected): hxetex.
 (/usr/local/texlive/2024/texmf-dist/tex/latex/hyperref/hxetex.def
File: hxetex.def 2024-01-20 v7.01h Hyperref driver for XeTeX
 (/usr/local/texlive/2024/texmf-dist/tex/generic/stringenc/stringenc.sty
Package: stringenc 2019/11/29 v1.12 Convert strings between diff. encodings (HO)
)
\pdfm@box=\box131
\c@Hy@AnnotLevel=\count373
\HyField@AnnotCount=\count374
\Fld@listcount=\count375
\c@bookmark@seq@number=\count376
 (/usr/local/texlive/2024/texmf-dist/tex/latex/rerunfilecheck/rerunfilecheck.sty
Package: rerunfilecheck 2022-07-10 v1.10 Rerun checks for auxiliary files (HO)
 (/usr/local/texlive/2024/texmf-dist/tex/latex/base/atveryend-ltx.sty
Package: atveryend-ltx 2020/08/19 v1.0a Emulation of the original atveryend package
with kernel methods
) (/usr/local/texlive/2024/texmf-dist/tex/generic/uniquecounter/uniquecounter.sty
Package: uniquecounter 2019/12/15 v1.4 Provide unlimited unique counter (HO)
)
Package uniquecounter Info: New unique counter `rerunfilecheck' on input line 285.
)
\Hy@SectionHShift=\skip78
) (/usr/local/texlive/2024/texmf-dist/tex/latex/bookmark/bookmark.sty
Package: bookmark 2023-12-10 v1.31 PDF bookmarks (HO)
 (/usr/local/texlive/2024/texmf-dist/tex/latex/bookmark/bkm-dvipdfm.def
File: bkm-dvipdfm.def 2023-12-10 v1.31 bookmark driver for dvipdfm (HO)
\BKM@id=\count377
))
\c@problem=\count378
 (./main.aux)
\openout1 = `main.aux'.

LaTeX Font Info:    Checking defaults for OML/cmm/m/it on input line 372.
LaTeX Font Info:    ... okay on input line 372.
LaTeX Font Info:    Checking defaults for OMS/cmsy/m/n on input line 372.
LaTeX Font Info:    ... okay on input line 372.
LaTeX Font Info:    Checking defaults for OT1/cmr/m/n on input line 372.
LaTeX Font Info:    ... okay on input line 372.
LaTeX Font Info:    Checking defaults for T1/cmr/m/n on input line 372.
LaTeX Font Info:    ... okay on input line 372.
LaTeX Font Info:    Checking defaults for TS1/cmr/m/n on input line 372.
LaTeX Font Info:    ... okay on input line 372.
LaTeX Font Info:    Checking defaults for TU/lmr/m/n on input line 372.
LaTeX Font Info:    ... okay on input line 372.
LaTeX Font Info:    Checking defaults for OMX/cmex/m/n on input line 372.
LaTeX Font Info:    ... okay on input line 372.
LaTeX Font Info:    Checking defaults for U/cmr/m/n on input line 372.
LaTeX Font Info:    ... okay on input line 372.
LaTeX Font Info:    Checking defaults for PD1/pdf/m/n on input line 372.
LaTeX Font Info:    ... okay on input line 372.
LaTeX Font Info:    Checking defaults for PU/pdf/m/n on input line 372.
LaTeX Font Info:    ... okay on input line 372.

Package fontspec Info: Adjusting the maths setup (use [no-math] to avoid
(fontspec)             this).

\symlegacymaths=\mathgroup6
LaTeX Font Info:    Overwriting symbol font `legacymaths' in version `bold'
(Font)                  OT1/cmr/m/n --> OT1/cmr/bx/n on input line 372.
LaTeX Font Info:    Redeclaring math accent \acute on input line 372.
LaTeX Font Info:    Redeclaring math accent \grave on input line 372.
LaTeX Font Info:    Redeclaring math accent \ddot on input line 372.
LaTeX Font Info:    Redeclaring math accent \tilde on input line 372.
LaTeX Font Info:    Redeclaring math accent \bar on input line 372.
LaTeX Font Info:    Redeclaring math accent \breve on input line 372.
LaTeX Font Info:    Redeclaring math accent \check on input line 372.
LaTeX Font Info:    Redeclaring math accent \hat on input line 372.
LaTeX Font Info:    Redeclaring math accent \dot on input line 372.
LaTeX Font Info:    Redeclaring math accent \mathring on input line 372.
LaTeX Font Info:    Redeclaring math symbol \Gamma on input line 372.
LaTeX Font Info:    Redeclaring math symbol \Delta on input line 372.
LaTeX Font Info:    Redeclaring math symbol \Theta on input line 372.
LaTeX Font Info:    Redeclaring math symbol \Lambda on input line 372.
LaTeX Font Info:    Redeclaring math symbol \Xi on input line 372.
LaTeX Font Info:    Redeclaring math symbol \Pi on input line 372.
LaTeX Font Info:    Redeclaring math symbol \Sigma on input line 372.
LaTeX Font Info:    Redeclaring math symbol \Upsilon on input line 372.
LaTeX Font Info:    Redeclaring math symbol \Phi on input line 372.
LaTeX Font Info:    Redeclaring math symbol \Psi on input line 372.
LaTeX Font Info:    Redeclaring math symbol \Omega on input line 372.
LaTeX Font Info:    Redeclaring math symbol \mathdollar on input line 372.
LaTeX Font Info:    Redeclaring symbol font `operators' on input line 372.
LaTeX Font Info:    Encoding `OT1' has changed to `TU' for symbol font
(Font)              `operators' in the math version `normal' on input line 372.
LaTeX Font Info:    Overwriting symbol font `operators' in version `normal'
(Font)                  OT1/cmr/m/n --> TU/lmr/m/n on input line 372.
LaTeX Font Info:    Encoding `OT1' has changed to `TU' for symbol font
(Font)              `operators' in the math version `bold' on input line 372.
LaTeX Font Info:    Overwriting symbol font `operators' in version `bold'
(Font)                  OT1/cmr/bx/n --> TU/lmr/m/n on input line 372.
LaTeX Font Info:    Overwriting symbol font `operators' in version `normal'
(Font)                  TU/lmr/m/n --> TU/lmr/m/n on input line 372.
LaTeX Font Info:    Overwriting math alphabet `\mathit' in version `normal'
(Font)                  OT1/cmr/m/it --> TU/lmr/m/it on input line 372.
LaTeX Font Info:    Overwriting math alphabet `\mathbf' in version `normal'
(Font)                  OT1/cmr/bx/n --> TU/lmr/b/n on input line 372.
LaTeX Font Info:    Overwriting math alphabet `\mathsf' in version `normal'
(Font)                  OT1/cmss/m/n --> TU/lmss/m/n on input line 372.
LaTeX Font Info:    Overwriting math alphabet `\mathtt' in version `normal'
(Font)                  OT1/cmtt/m/n --> TU/lmtt/m/n on input line 372.
LaTeX Font Info:    Overwriting symbol font `operators' in version `bold'
(Font)                  TU/lmr/m/n --> TU/lmr/b/n on input line 372.
LaTeX Font Info:    Overwriting math alphabet `\mathit' in version `bold'
(Font)                  OT1/cmr/bx/it --> TU/lmr/b/it on input line 372.
LaTeX Font Info:    Overwriting math alphabet `\mathsf' in version `bold'
(Font)                  OT1/cmss/bx/n --> TU/lmss/b/n on input line 372.
LaTeX Font Info:    Overwriting math alphabet `\mathtt' in version `bold'
(Font)                  OT1/cmtt/m/n --> TU/lmtt/b/n on input line 372.
\c@lstlisting=\count379

*geometry* driver: auto-detecting
*geometry* detected driver: xetex
*geometry* verbose mode - [ preamble ] result:
* driver: xetex
* paper: a4paper
* layout: <same size as paper>
* layoutoffset:(h,v)=(0.0pt,0.0pt)
* modes: landscape 
* h-part:(L,W,R)=(68.28644pt, 708.47397pt, 68.28644pt)
* v-part:(T,H,B)=(125.19194pt, 409.71997pt, 62.59596pt)
* \paperwidth=845.04684pt
* \paperheight=597.50787pt
* \textwidth=708.47397pt
* \textheight=409.71997pt
* \oddsidemargin=-3.98355pt
* \evensidemargin=-3.98355pt
* \topmargin=-49.50812pt
* \headheight=73.97733pt
* \headsep=28.45274pt
* \topskip=12.0pt
* \footskip=28.45274pt
* \marginparwidth=44.0pt
* \marginparsep=10.0pt
* \columnsep=10.0pt
* \skip\footins=10.8pt plus 4.0pt minus 2.0pt
* \hoffset=0.0pt
* \voffset=0.0pt
* \mag=1000
* \@twocolumnfalse
* \@twosidefalse
* \@mparswitchfalse
* \@reversemarginfalse
* (1in=72.27pt=25.4mm, 1cm=28.453pt)

Package hyperref Info: Link coloring ON on input line 372.
[1

] (./main.toc
Overfull \hbox (5.72156pt too wide) detected at line 8
 \TU/lmr/bx/n/14.4 103
 []


Overfull \hbox (5.72156pt too wide) detected at line 9
 \TU/lmr/bx/n/14.4 129
 []


Overfull \hbox (5.72156pt too wide) detected at line 10
 \TU/lmr/bx/n/14.4 142
 []


Overfull \hbox (5.72156pt too wide) detected at line 11
 \TU/lmr/bx/n/14.4 158
 []


Overfull \hbox (5.72156pt too wide) detected at line 12
 \TU/lmr/bx/n/14.4 171
 []


Overfull \hbox (5.72156pt too wide) detected at line 13
 \TU/lmr/bx/n/14.4 187
 []


Overfull \hbox (5.72156pt too wide) detected at line 14
 \TU/lmr/bx/n/14.4 203
 []


Overfull \hbox (5.72156pt too wide) detected at line 15
 \TU/lmr/bx/n/14.4 222
 []


Overfull \hbox (5.72156pt too wide) detected at line 16
 \TU/lmr/bx/n/14.4 234
 []


Overfull \hbox (5.72156pt too wide) detected at line 17
 \TU/lmr/bx/n/14.4 247
 []


Overfull \hbox (5.72156pt too wide) detected at line 18
 \TU/lmr/bx/n/14.4 266
 []


Overfull \hbox (5.72156pt too wide) detected at line 19
 \TU/lmr/bx/n/14.4 280
 []


Overfull \hbox (5.72156pt too wide) detected at line 20
 \TU/lmr/bx/n/14.4 299
 []


Overfull \hbox (5.72156pt too wide) detected at line 21
 \TU/lmr/bx/n/14.4 311
 []


Overfull \hbox (5.72156pt too wide) detected at line 22
 \TU/lmr/bx/n/14.4 324
 []


Overfull \hbox (5.72156pt too wide) detected at line 23
 \TU/lmr/bx/n/14.4 341
 []


Overfull \hbox (5.72156pt too wide) detected at line 24
 \TU/lmr/bx/n/14.4 358
 []


Overfull \hbox (5.72156pt too wide) detected at line 25
 \TU/lmr/bx/n/14.4 372
 []


Overfull \hbox (5.72156pt too wide) detected at line 26
 \TU/lmr/bx/n/14.4 390
 []


Overfull \hbox (5.72156pt too wide) detected at line 27
 \TU/lmr/bx/n/14.4 410
 []


Overfull \hbox (5.72156pt too wide) detected at line 28
 \TU/lmr/bx/n/14.4 435
 []


Overfull \hbox (5.72156pt too wide) detected at line 29
 \TU/lmr/bx/n/14.4 443
 []


Overfull \hbox (5.72156pt too wide) detected at line 30
 \TU/lmr/bx/n/14.4 466
 []


Overfull \hbox (5.72156pt too wide) detected at line 31
 \TU/lmr/bx/n/14.4 484
 []


Overfull \hbox (5.72156pt too wide) detected at line 32
 \TU/lmr/bx/n/14.4 502
 []


Overfull \hbox (5.72156pt too wide) detected at line 33
 \TU/lmr/bx/n/14.4 516
 []


Overfull \hbox (5.72156pt too wide) detected at line 34
 \TU/lmr/bx/n/14.4 537
 []


Overfull \hbox (5.72156pt too wide) detected at line 35
 \TU/lmr/bx/n/14.4 559
 []


Overfull \hbox (5.72156pt too wide) detected at line 36
 \TU/lmr/bx/n/14.4 575
 []


Overfull \hbox (5.72156pt too wide) detected at line 37
 \TU/lmr/bx/n/14.4 592
 []


Overfull \hbox (5.72156pt too wide) detected at line 38
 \TU/lmr/bx/n/14.4 612
 []


Overfull \hbox (5.72156pt too wide) detected at line 39
 \TU/lmr/bx/n/14.4 622
 []


Overfull \hbox (5.72156pt too wide) detected at line 40
 \TU/lmr/bx/n/14.4 631
 []


Overfull \hbox (5.72156pt too wide) detected at line 41
 \TU/lmr/bx/n/14.4 645
 []


Overfull \hbox (5.72156pt too wide) detected at line 42
 \TU/lmr/bx/n/14.4 667
 []


Overfull \hbox (5.72156pt too wide) detected at line 43
 \TU/lmr/bx/n/14.4 677
 []


Overfull \hbox (5.72156pt too wide) detected at line 44
 \TU/lmr/bx/n/14.4 689
 []


Overfull \hbox (5.72156pt too wide) detected at line 45
 \TU/lmr/bx/n/14.4 696
 []


Overfull \hbox (5.72156pt too wide) detected at line 46
 \TU/lmr/bx/n/14.4 706
 []


Overfull \hbox (5.72156pt too wide) detected at line 47
 \TU/lmr/bx/n/14.4 716
 []


Overfull \hbox (5.72156pt too wide) detected at line 48
 \TU/lmr/bx/n/14.4 730
 []


Overfull \hbox (5.72156pt too wide) detected at line 49
 \TU/lmr/bx/n/14.4 748
 []


Overfull \hbox (5.72156pt too wide) detected at line 50
 \TU/lmr/bx/n/14.4 759
 []


Overfull \hbox (5.72156pt too wide) detected at line 51
 \TU/lmr/bx/n/14.4 773
 []


Overfull \hbox (5.72156pt too wide) detected at line 52
 \TU/lmr/bx/n/14.4 791
 []


Overfull \hbox (5.72156pt too wide) detected at line 53
 \TU/lmr/bx/n/14.4 799
 []


Overfull \hbox (5.72156pt too wide) detected at line 54
 \TU/lmr/bx/n/14.4 810
 []


Overfull \hbox (5.72156pt too wide) detected at line 55
 \TU/lmr/bx/n/14.4 818
 []


Overfull \hbox (5.72156pt too wide) detected at line 56
 \TU/lmr/bx/n/14.4 836
 []


Overfull \hbox (5.72156pt too wide) detected at line 57
 \TU/lmr/bx/n/14.4 849
 []


Overfull \hbox (5.72156pt too wide) detected at line 58
 \TU/lmr/bx/n/14.4 860
 []


Overfull \hbox (5.72156pt too wide) detected at line 59
 \TU/lmr/bx/n/14.4 872
 []


Overfull \hbox (5.72156pt too wide) detected at line 60
 \TU/lmr/bx/n/14.4 886
 []


Overfull \hbox (5.72156pt too wide) detected at line 61
 \TU/lmr/bx/n/14.4 903
 []


Overfull \hbox (5.72156pt too wide) detected at line 62
 \TU/lmr/bx/n/14.4 913
 []


Overfull \hbox (5.72156pt too wide) detected at line 63
 \TU/lmr/bx/n/14.4 920
 []


Overfull \hbox (5.72156pt too wide) detected at line 64
 \TU/lmr/bx/n/14.4 941
 []


Overfull \hbox (5.72156pt too wide) detected at line 65
 \TU/lmr/bx/n/14.4 959
 []


Overfull \hbox (5.72156pt too wide) detected at line 66
 \TU/lmr/bx/n/14.4 971
 []


Overfull \hbox (5.72156pt too wide) detected at line 67
 \TU/lmr/bx/n/14.4 984
 []


Overfull \hbox (5.72156pt too wide) detected at line 68
 \TU/lmr/bx/n/14.4 995
 []


Overfull \hbox (13.82875pt too wide) detected at line 69
 \TU/lmr/bx/n/14.4 1006
 []


Overfull \hbox (13.82875pt too wide) detected at line 70
 \TU/lmr/bx/n/14.4 1020
 []


Overfull \hbox (13.82875pt too wide) detected at line 71
 \TU/lmr/bx/n/14.4 1031
 []


Overfull \hbox (13.82875pt too wide) detected at line 72
 \TU/lmr/bx/n/14.4 1045
 []


Overfull \hbox (13.82875pt too wide) detected at line 73
 \TU/lmr/bx/n/14.4 1064
 []


Overfull \hbox (13.82875pt too wide) detected at line 74
 \TU/lmr/bx/n/14.4 1077
 []


Overfull \hbox (13.82875pt too wide) detected at line 75
 \TU/lmr/bx/n/14.4 1090
 []


Overfull \hbox (13.82875pt too wide) detected at line 76
 \TU/lmr/bx/n/14.4 1104
 []


Overfull \hbox (13.82875pt too wide) detected at line 77
 \TU/lmr/bx/n/14.4 1116
 []


Overfull \hbox (13.82875pt too wide) detected at line 78
 \TU/lmr/bx/n/14.4 1130
 []


Overfull \hbox (13.82875pt too wide) detected at line 79
 \TU/lmr/bx/n/14.4 1148
 []


Overfull \hbox (13.82875pt too wide) detected at line 80
 \TU/lmr/bx/n/14.4 1161
 []


Overfull \hbox (13.82875pt too wide) detected at line 81
 \TU/lmr/bx/n/14.4 1177
 []


Overfull \hbox (13.82875pt too wide) detected at line 82
 \TU/lmr/bx/n/14.4 1191
 []


Overfull \hbox (13.82875pt too wide) detected at line 83
 \TU/lmr/bx/n/14.4 1203
 []


Overfull \hbox (13.82875pt too wide) detected at line 84
 \TU/lmr/bx/n/14.4 1225
 []


Overfull \hbox (13.82875pt too wide) detected at line 85
 \TU/lmr/bx/n/14.4 1242
 []


Overfull \hbox (13.82875pt too wide) detected at line 86
 \TU/lmr/bx/n/14.4 1258
 []


Overfull \hbox (13.82875pt too wide) detected at line 87
 \TU/lmr/bx/n/14.4 1278
 []


Overfull \hbox (13.82875pt too wide) detected at line 88
 \TU/lmr/bx/n/14.4 1291
 []


Overfull \hbox (13.82875pt too wide) detected at line 89
 \TU/lmr/bx/n/14.4 1303
 []


Overfull \hbox (13.82875pt too wide) detected at line 90
 \TU/lmr/bx/n/14.4 1317
 []


Overfull \hbox (13.82875pt too wide) detected at line 91
 \TU/lmr/bx/n/14.4 1347
 []


Overfull \hbox (13.82875pt too wide) detected at line 92
 \TU/lmr/bx/n/14.4 1363
 []


Overfull \hbox (13.82875pt too wide) detected at line 93
 \TU/lmr/bx/n/14.4 1380
 []


Overfull \hbox (13.82875pt too wide) detected at line 94
 \TU/lmr/bx/n/14.4 1393
 []


Overfull \hbox (13.82875pt too wide) detected at line 95
 \TU/lmr/bx/n/14.4 1415
 []


Overfull \hbox (13.82875pt too wide) detected at line 96
 \TU/lmr/bx/n/14.4 1443
 []


Overfull \hbox (13.82875pt too wide) detected at line 97
 \TU/lmr/bx/n/14.4 1484
 []


Overfull \hbox (13.82875pt too wide) detected at line 98
 \TU/lmr/bx/n/14.4 1525
 []


Overfull \hbox (13.82875pt too wide) detected at line 99
 \TU/lmr/bx/n/14.4 1553
 []

)
\tf@toc=\write4
\openout4 = `main.toc'.


Overfull \vbox (2447.42383pt too high) has occurred while \output is active []

 [2] (./0.tex [3

]
LaTeX Font Info:    Trying to load font information for U+msa on input line 8.
 (/usr/local/texlive/2024/texmf-dist/tex/latex/amsfonts/umsa.fd
File: umsa.fd 2013/01/14 v3.01 AMS symbols A
)
LaTeX Font Info:    Trying to load font information for U+msb on input line 8.
 (/usr/local/texlive/2024/texmf-dist/tex/latex/amsfonts/umsb.fd
File: umsb.fd 2013/01/14 v3.01 AMS symbols B
) [4

] [5

] [6

] [7

] [8

] [9

] [10

] [11

] [12

] [13

] [14

] [15

] [16

] [17

] [18

] [19

] [20

] [21

] [22

] [23

] [24

] [25

] [26

] [27

] [28

] [29

] [30

] [31

] [32

] [33

] [34

] [35

] [36

] [37

] [38

] [39

] [40

] [41] [42

] [43

] [44

] [45

] [46

] [47

] [48

]
LaTeX Font Info:    Trying to load font information for OMS+lmr on input line 269.
 (/usr/local/texlive/2024/texmf-dist/tex/latex/lm/omslmr.fd
File: omslmr.fd 2015/05/01 v1.6.1 Font defs for Latin Modern
)
LaTeX Font Info:    Trying to load font information for OMS+lmsy on input line 269.
 (/usr/local/texlive/2024/texmf-dist/tex/latex/lm/omslmsy.fd
File: omslmsy.fd 2015/05/01 v1.6.1 Font defs for Latin Modern
)
LaTeX Font Info:    Font shape `OMS/lmr/m/n' in size <14.4> not available
(Font)              Font shape `OMS/lmsy/m/n' tried instead on input line 269.
 [49

] [50] [51

] [52

] [53

] [54

] [55

] [56] [57

] [58

] [59] [60

] [61

] [62

] [63

] [64

] [65

] [66

] [67

] [68

] [69

] [70

] [71

] [72] [73

] [74

] [75

] [76

] [77

] [78

] [79

] [80

] [81

] [82

] [83

] [84

] [85

] [86

] [87

] [88

] [89

] [90

] [91

] [92

] [93

] [94

] [95

] [96

] [97

] [98] [99] [100

] [101

] [102] [103

] [104

] [105

] [106

] [107

] [108

] [109

] [110

] [111

] [112

] [113

] [114

] [115

] [116] [117

] [118

] [119

] [120

] [121

] [122

] [123

] [124

] [125] [126] [127

] [128

] [129

] [130

] [131

] [132

] [133

] [134

] [135

] [136

] [137

] [138

] [139] [140

] [141

] [142

] [143

] [144

] [145

] [146

] [147

] [148

] [149

] [150

] [151

] [152

] [153

] [154

] [155

] [156

] [157

] [158

] [159

] [160

] [161

] [162

] [163

] [164

] [165

] [166

] [167

] [168

] [169

] [170

] [171

] [172

] [173

] [174

] [175

] [176

] [177

] [178

] [179

] [180

] [181

] [182

] [183

] [184

]) (./1.tex [185

] [186] [187

] [188

] [189

] [190

] [191

] [192

] [193

] [194

] [195

] [196

] [197

] [198

] [199

] [200

] [201

] [202

] [203

] [204

] [205

] [206

] [207

] [208

] [209

] [210

] [211

] [212

] [213

] [214

] [215

] [216

] [217

] [218

] [219

] [220

] [221

] [222

] [223

] [224

] [225

] [226

] [227

] [228

] [229

] [230

] [231

] [232

] [233

] [234

] [235

] [236

] [237

] [238

] [239

] [240] [241] [242] [243] [244

] [245

] [246

] [247

] [248

] [249

] [250

] [251

] [252

] [253

] [254

] [255

] [256] [257] [258] [259

] [260

] [261

] [262

] [263

] [264

] [265

] [266

] [267

] [268

] [269

] [270

] [271

] [272

] [273

] [274

] [275

] [276

] [277

] [278

] [279

] [280

] [281

] [282

] [283

] [284

] [285

] [286

] [287

] [288

] [289

] [290

] [291

] [292

] [293

] [294

] [295

] [296

] [297

] [298

] [299

] [300

] [301

] [302

] [303

] [304

] [305

] [306

] [307

] [308

] [309

]) (./2.tex [310

] [311

] [312

] [313

] [314

] [315

] [316

] [317

] [318

] [319

] [320

] [321

] [322

] [323

] [324

] [325

] [326

] [327

] [328

] [329

] [330

] [331

] [332

] [333

] [334

] [335

] [336

] [337

] [338

] [339

] [340

] [341

] [342

] [343

] [344

] [345

] [346

] [347

] [348

] [349

] [350

] [351

] [352

] [353

] [354

] [355

] [356

] [357

] [358

] [359

] [360

] [361

] [362

] [363] [364] [365] [366] [367] [368] [369

] [370

] [371

] [372

] [373

] [374] [375

] [376

] [377] [378] [379] [380] [381

] [382

] [383

] [384

] [385] [386] [387] [388] [389

] [390

] [391

] [392] [393] [394] [395] [396] [397] [398

] [399] [400

] [401] [402

] [403

] [404] [405] [406

] [407] [408] [409] [410

] [411

] [412

] [413

] [414

] [415

] [416

] [417

] [418

] [419

] [420

] [421

] [422

] [423

] [424

] [425

] [426

] [427

] [428

] [429

] [430

] [431

] [432

] [433

] [434

] [435

] [436

] [437

] [438

] [439

] [440

] [441

] [442

] [443

] [444

] [445

] [446] [447

] [448

] [449

] [450

] [451

] [452

] [453

] [454

] [455

] [456] [457

] [458

] [459

] [460

] [461

] [462

] [463] [464

] [465] [466

] [467

] [468] [469] [470] [471] [472] [473] [474

] [475

] [476

] [477

] [478

] [479

] [480

] [481

] [482

]) (./3.tex [483

] [484

] [485

] [486

] [487

] [488

] [489

] [490

] [491

] [492

] [493

] [494

] [495

] [496

] [497

] [498

] [499

] [500

] [501

] [502

] [503

] [504

] [505

] [506

] [507] [508

] [509

] [510

] [511] [512

] [513

] [514

] [515

] [516

] [517

] [518

] [519

] [520

] [521] [522

] [523

] [524] [525

] [526] [527

] [528

] [529] [530] [531] [532] [533] [534

] [535

] [536

] [537

] [538

] [539

] [540

] [541

] [542

] [543] [544] [545] [546

] [547

] [548

] [549

] [550

] [551

] [552] [553

] [554

] [555

] [556

] [557

] [558

] [559

] [560

] [561

] [562

] [563

] [564

] [565

] [566

] [567

] [568

] [569

] [570

] [571

] [572

] [573

] [574

] [575

] [576

] [577

] [578

] [579

] [580

] [581

] [582

] [583

] [584

] [585

] [586

] [587

] [588

] [589

] [590

] [591

] [592

] [593

] [594

] [595

] [596

] [597

] [598

] [599

] [600

] [601

] [602

] [603

] [604

] [605

] [606

] [607

] [608

] [609

] [610

] [611

] [612

] [613

] [614

] [615

] [616

] [617

] [618

] [619

] [620

] [621

] [622

] [623

] [624

] [625

] [626

] [627

] [628

] [629

] [630

] [631

] [632

] [633

] [634

] [635

] [636

] [637] [638

] [639

] [640

] [641

] [642

] [643

]) (./4.tex [644

] [645

] [646

] [647

] [648

] [649

] [650

] [651

] [652

] [653

] [654

] [655

] [656

] [657

] [658

] [659

] [660

] [661

] [662

] [663

] [664

] [665

] [666

] [667

] [668

] [669

] [670

] [671

] [672

] [673

] [674

] [675

] [676

] [677

] [678

] [679

] [680

] [681

] [682

] [683

] [684

] [685

] [686

] [687

] [688

] [689

] [690

] [691

] [692

] [693

] [694

] [695

] [696

] [697

] [698

] [699

] [700

] [701

] [702

] [703

] [704

] [705

] [706

] [707

] [708

] [709

] [710

] [711

] [712

] [713

] [714

] [715

] [716

] [717

] [718

] [719

] [720

] [721

] [722

] [723

] [724

] [725

] [726

] [727

] [728

] [729

] [730

] [731

] [732

] [733

] [734

] [735

] [736

] [737

] [738

] [739

] [740

] [741

] [742

] [743

] [744

] [745

] [746

] [747

] [748

] [749

] [750

] [751

] [752

] [753

] [754

] [755

] [756

] [757

] [758

] [759

] [760

] [761

] [762

] [763

] [764

] [765

] [766

] [767

] [768

] [769

] [770

] [771

]) (./5.tex [772

] [773

] [774

] [775

] [776

] [777

] [778

] [779

] [780

] [781

] [782

] [783

] [784

] [785

] [786

] [787

] [788

] [789

] [790

] [791

] [792

] [793

] [794

] [795

] [796

] [797

] [798

] [799

] [800

] [801

] [802

] [803] [804

] [805

] [806

] [807

] [808

] [809

] [810

] [811

] [812] [813

] [814

] [815

] [816] [817

] [818

] [819

] [820

] [821

] [822

] [823] [824

] [825

] [826

] [827

] [828

] [829

] [830

] [831

] [832

] [833

] [834

] [835

] [836

] [837

] [838] [839

] [840

] [841

] [842

] [843

] [844

] [845

] [846

] [847

] [848

] [849

] [850

] [851

] [852

] [853

] [854

] [855

] [856

] [857

] [858

] [859

] [860

] [861

] [862

] [863

] [864

] [865

] [866

] [867

] [868

] [869

] [870

] [871

] [872

] [873

] [874

] [875

] [876

] [877

] [878

] [879

] [880

] [881

] [882

] [883

] [884

] [885

] [886

] [887

] [888] [889

] [890

] [891

] [892

] [893

] [894

] [895

] [896

] [897

] [898

] [899

] [900

] [901

]) (./6.tex [902

] [903

] [904

] [905

] [906

] [907

] [908

] [909

] [910

] [911

] [912

] [913

] [914

] [915

] [916

] [917

] [918

] [919

] [920

] [921

] [922

] [923

] [924

] [925] [926

] [927

] [928

] [929

] [930

] [931

] [932

] [933

] [934

] [935

] [936

] [937

] [938

] [939

] [940

] [941

] [942

] [943

] [944

] [945

] [946

] [947

] [948

] [949

]
Underfull \hbox (badness 6825) in paragraph at lines 361--361
[]\TU/STSong(0)/m/n/14.4 已 知 积 分 区 域 $\OML/cmm/m/it/14.4 D \OT1/cmr/m/n/14.4 = \OMS/cmsy/m/n/14.4 f\OT1/cmr/m/n/14.4 (\OML/cmm/m/it/14.4 x; y\OT1/cmr/m/n/14.4 )\OMS/cmsy/m/n/14.4 j j\OML/cmm/m/it/14.4 x\OMS/cmsy/m/n/14.4 j \OT1/cmr/m/n/14.4 + \OMS/cmsy/m/n/14.4 j\OML/cmm/m/it/14.4 y\OMS/cmsy/m/n/14.4 j ^^T []g$\TU/STSong(0)/m/n/14.4 ，|  记 $\OML/cmm/m/it/14.4 I[] \OT1/cmr/m/n/14.4 = [] [][] [] []\OML/cmm/m/it/14.4 x[]y;  I[] \OT1/cmr/m/n/14.4 =
 []

[950

] [951

] [952

] [953

] [954

] [955

] [956

] [957

] [958

] [959

] [960

] [961

] [962

] [963

] [964

] [965

] [966

] [967

] [968

] [969

] [970

] [971

] [972

] [973

] [974

] [975] [976] [977

] [978

] [979

] [980

] [981

]
Underfull \hbox (badness 10000) in paragraph at lines 530--530
[]\TU/STSong(0)/m/n/14.4 设 函 数 $\OML/cmm/m/it/14.4 f\OT1/cmr/m/n/14.4 (\OML/cmm/m/it/14.4 x; y\OT1/cmr/m/n/14.4 )$ \TU/STSong(0)/m/n/14.4 在 单 位 圆 域 上 有 连 续 的 偏 导 数，|  且 在 边 界 上 的 值 恒 为 零。|  证 明：|
 []

[982

] [983

] [984

] [985

] [986

] [987

] [988

] [989

] [990

] [991

] [992

] [993

] [994

] [995

] [996

] [997

] [998

] [999

] [1000

] [1001

] [1002

] [1003

] [1004

] [1005

] [1006

] [1007

] [1008

] [1009

] [1010

] [1011

] [1012

] [1013

] [1014

] [1015

] [1016

] [1017

] [1018

] [1019] [1020

] [1021

] [1022

] [1023

] [1024

] [1025

] [1026

] [1027

] [1028

] [1029

]) (./7.tex [1030

] [1031

] [1032

] [1033

] [1034

] [1035

] [1036

] [1037

] [1038

] [1039

] [1040

] [1041

] [1042

] [1043

] [1044] [1045

] [1046

] [1047

] [1048

] [1049

] [1050

] [1051

] [1052

] [1053

] [1054

] [1055

] [1056

] [1057

] [1058

] [1059

] [1060

] [1061

] [1062

] [1063] [1064

] [1065

] [1066

] [1067

] [1068

] [1069

] [1070

] [1071

] [1072

] [1073

] [1074

] [1075

] [1076

] [1077

] [1078

] [1079

] [1080

] [1081

] [1082

] [1083

] [1084

] [1085] [1086

] [1087

] [1088

] [1089

] [1090

] [1091

] [1092

] [1093

] [1094

] [1095

] [1096

] [1097

] [1098

] [1099

] [1100

] [1101

] [1102

] [1103

] [1104

] [1105

] [1106

] [1107

] [1108

] [1109

] [1110

] [1111

] [1112

] [1113

] [1114

] [1115

] [1116

] [1117

] [1118

] [1119

] [1120

] [1121

] [1122

] [1123

] [1124

] [1125

] [1126

] [1127

] [1128

] [1129

] [1130

] [1131

] [1132

] [1133

] [1134

] [1135

] [1136

] [1137

] [1138

] [1139

] [1140

] [1141

] [1142

] [1143

] [1144

] [1145] [1146

] [1147

] [1148

] [1149

] [1150

] [1151

] [1152

] [1153

] [1154

] [1155

] [1156

] [1157

] [1158

] [1159

] [1160

] [1161

] [1162

] [1163

] [1164

] [1165

] [1166

] [1167

] [1168

] [1169

] [1170

] [1171

] [1172

] [1173

] [1174

] [1175

]) (./8.tex [1176

] [1177

] [1178

] [1179

] [1180

] [1181

] [1182

] [1183

] [1184

] [1185

] [1186

] [1187

] [1188

] [1189

] [1190

] [1191

] [1192

] [1193] [1194

] [1195

] [1196

] [1197

] [1198] [1199

] [1200

] [1201

] [1202

] [1203

] [1204

] [1205] [1206

] [1207

] [1208

] [1209

] [1210

] [1211

] [1212

] [1213

] [1214

] [1215

] [1216

] [1217

] [1218

] [1219

] [1220

] [1221

] [1222

] [1223

] [1224

] [1225

] [1226

] [1227

] [1228] [1229

] [1230

] [1231

] [1232

] [1233

]
Underfull \hbox (badness 1062) in paragraph at lines 335--335
[]\TU/STSong(0)/m/n/14.4 设 有 交 错 级 数 $[]\OT1/cmr/m/n/14.4 (\OMS/cmsy/m/n/14.4 ^^@\OT1/cmr/m/n/14.4 1)[]\OML/cmm/m/it/14.4 u[] \OT1/cmr/m/n/14.4 (\OML/cmm/m/it/14.4 u[] > \OT1/cmr/m/n/14.4 0\OML/cmm/m/it/14.4 ; n \OT1/cmr/m/n/14.4 = 1\OML/cmm/m/it/14.4 ; \OT1/cmr/m/n/14.4 2\OML/cmm/m/it/14.4 ; [] \OT1/cmr/m/n/14.4 )$\TU/STSong(0)/m/n/14.4 ，|  如 果 存 在 常 数 $\OML/cmm/m/it/14.4 ^^V; ^^U > \OT1/cmr/m/n/14.4 0\OML/cmm/m/it/14.4 ; \OT1/cmr/m/n/14.4 0 \OML/cmm/m/it/14.4 < p < \OT1/cmr/m/n/14.4 1$ \TU/STSong(0)/m/n/14.4 且
 []

[1234

] [1235

] [1236

] [1237

] [1238

] [1239

] [1240

] [1241

] [1242

] [1243

] [1244] [1245] [1246

] [1247

] [1248

] [1249

] [1250

] [1251

] [1252

] [1253

] [1254

] [1255

] [1256

] [1257

] [1258

] [1259

] [1260

] [1261

] [1262

] [1263

] [1264

] [1265

] [1266

] [1267

] [1268

] [1269

] [1270

] [1271

] [1272

] [1273

] [1274

] [1275

] [1276

] [1277

] [1278

] [1279

] [1280

] [1281

] [1282

] [1283

] [1284

] [1285

] [1286

] [1287

] [1288

] [1289

] [1290

] [1291

] [1292

] [1293

] [1294

] [1295

] [1296

] [1297

] [1298

] [1299

] [1300

] [1301

] [1302

] [1303

] [1304

] [1305

] [1306

] [1307

] [1308

] [1309

] [1310

] [1311

] [1312

] [1313

] [1314

] [1315

] [1316

] [1317

] [1318

] [1319

] [1320

] [1321] [1322

] [1323] [1324

] [1325

] [1326

] [1327

] [1328

] [1329

] [1330

] [1331

] [1332

] [1333

] [1334

] [1335

] [1336

] [1337

] [1338

] [1339

] [1340

] [1341

] [1342

] [1343

] [1344

] [1345

]) (./9.tex [1346

] [1347

] [1348

] [1349

] [1350

] [1351

] [1352

] [1353

] [1354

] [1355

] [1356

] [1357

] [1358

] [1359

] [1360

] [1361

] [1362

] [1363

] [1364

] [1365

] [1366

] [1367

] [1368

] [1369

] [1370

] [1371

] [1372

] [1373

] [1374] [1375

] [1376

] [1377

] [1378

] [1379

] [1380

] [1381

] [1382

] [1383

] [1384

] [1385

] [1386

] [1387

] [1388

] [1389

] [1390

] [1391

] [1392

] [1393

] [1394

] [1395

] [1396

] [1397

] [1398

] [1399

] [1400

] [1401

] [1402

] [1403

] [1404

] [1405

] [1406

] [1407

] [1408] [1409] [1410] [1411] [1412

] [1413

] [1414

] [1415

] [1416

] [1417

] [1418

] [1419

] [1420

] [1421

] [1422

] [1423

] [1424] [1425

] [1426

] [1427] [1428

] [1429

] [1430

] [1431

] [1432

] [1433

] [1434

] [1435

] [1436

] [1437

] [1438

] [1439

] [1440

] [1441

] [1442

] [1443

] [1444

] [1445

] [1446

] [1447

] [1448] [1449

] [1450

] [1451

] [1452

] [1453

] [1454

] [1455

] [1456] [1457

] [1458

] [1459

] [1460

] [1461

] [1462

] [1463

] [1464

] [1465

] [1466

] [1467

] [1468

] [1469

] [1470

] [1471

] [1472

] [1473

]
Underfull \hbox (badness 10000) in paragraph at lines 940--940

 []

[1474

] [1475] [1476

] [1477

] [1478

] [1479

] [1480

] [1481

] [1482] [1483

] [1484

] [1485

] [1486

] [1487

] [1488

] [1489

] [1490

] [1491

] [1492

] [1493

] [1494

] [1495

] [1496

] [1497

] [1498

] [1499

] [1500

] [1501

] [1502

] [1503

] [1504

] [1505

] [1506] [1507

] [1508

] [1509

] [1510

] [1511

] [1512

] [1513

] [1514

] [1515

] [1516

] [1517

] [1518

] [1519

] [1520

] [1521

] [1522

] [1523

] [1524] [1525

] [1526

] [1527

] [1528

] [1529

] [1530

] [1531

] [1532

] [1533

] [1534

] [1535

] [1536

] [1537

] [1538

] [1539

] [1540

] [1541

] [1542

] [1543

] [1544

] [1545

] [1546

] [1547

] [1548

] [1549

] [1550

] [1551

] [1552

] [1553

] [1554

] [1555

] [1556

] [1557

] [1558

] [1559

] [1560

] [1561

] [1562

] [1563

] [1564

] [1565

] [1566

] [1567

] [1568

] [1569

] [1570] [1571

] [1572

] [1573

]) [1574

] (./main.aux)
 ***********
LaTeX2e <2023-11-01> patch level 1
L3 programming layer <2022/08/05>
 ***********
 ) 
Here is how much of TeX's memory you used:
 42775 strings out of 474773
 940900 string characters out of 5757724
 1995839 words of memory out of 5000000
 64310 multiletter control sequences out of 15000+600000
 565340 words of font info for 97 fonts, out of 8000000 for 9000
 1348 hyphenation exceptions out of 8191
 93i,15n,99p,618b,1618s stack positions out of 10000i,1000n,20000p,200000b,200000s

Output written on main.xdv (1574 pages, 39896172 bytes).
