\BOOKMARK [1][-]{section.1}{\376\377\131\015\116\140\117\030\121\110\176\247\213\364\146\016}{}% 1
\BOOKMARK [1][-]{section.2}{\376\377\201\352\122\250\143\247\122\066\174\373\176\337\127\372\170\100\151\202\137\365}{}% 2
\BOOKMARK [2][-]{subsection.2.1}{\376\377\201\352\122\250\143\247\122\066\174\373\176\337\166\204\133\232\116\111}{section.2}% 3
\BOOKMARK [2][-]{subsection.2.2}{\376\377\137\000\163\257\143\247\122\066\116\016\225\355\163\257\143\247\122\066}{section.2}% 4
\BOOKMARK [2][-]{subsection.2.3}{\376\377\123\315\231\210\166\204\117\134\165\050}{section.2}% 5
\BOOKMARK [2][-]{subsection.2.4}{\376\377\143\247\122\066\174\373\176\337\166\204\127\372\147\054\211\201\154\102}{section.2}% 6
\BOOKMARK [2][-]{subsection.2.5}{\376\377\174\373\176\337\122\006\174\173}{section.2}% 7
\BOOKMARK [1][-]{section.3}{\376\377\145\160\133\146\127\372\170\100\377\032\142\311\146\156\142\311\145\257\123\330\143\142}{}% 8
\BOOKMARK [2][-]{subsection.3.1}{\376\377\142\311\146\156\142\311\145\257\123\330\143\142\133\232\116\111}{section.3}% 9
\BOOKMARK [2][-]{subsection.3.2}{\376\377\136\070\165\050\142\311\146\156\142\311\145\257\123\330\143\142\210\150}{section.3}% 10
\BOOKMARK [2][-]{subsection.3.3}{\376\377\136\070\165\050\140\047\215\050}{section.3}% 11
\BOOKMARK [1][-]{section.4}{\376\377\143\247\122\066\174\373\176\337\145\160\133\146\152\041\127\213}{}% 12
\BOOKMARK [2][-]{subsection.4.1}{\376\377\137\256\122\006\145\271\172\013\152\041\127\213}{section.4}% 13
\BOOKMARK [2][-]{subsection.4.2}{\376\377\117\040\220\022\121\375\145\160}{section.4}% 14
\BOOKMARK [2][-]{subsection.4.3}{\376\377\147\201\160\271\116\016\226\366\160\271}{section.4}% 15
\BOOKMARK [2][-]{subsection.4.4}{\376\377\121\170\127\213\163\257\202\202\123\312\121\166\117\040\220\022\121\375\145\160}{section.4}% 16
\BOOKMARK [2][-]{subsection.4.5}{\376\377\136\070\211\301\162\151\164\006\174\373\176\337\136\372\152\041}{section.4}% 17
\BOOKMARK [3][-]{subsubsection.4.5.1}{\376\377\000R\000C\000\040\165\065\215\357}{subsection.4.5}% 18
\BOOKMARK [3][-]{subsubsection.4.5.2}{\376\377\215\050\221\317\000-\137\071\174\047\000-\226\073\134\074\174\373\176\337}{subsection.4.5}% 19
\BOOKMARK [3][-]{subsubsection.4.5.3}{\376\377\166\364\155\101\165\065\147\072}{subsection.4.5}% 20
\BOOKMARK [1][-]{section.5}{\376\377\145\271\127\127\126\376\116\016\117\341\123\367\155\101\126\376}{}% 21
\BOOKMARK [2][-]{subsection.5.1}{\376\377\145\271\127\127\126\376\127\372\147\054\123\330\143\142}{section.5}% 22
\BOOKMARK [3][-]{subsubsection.5.1.1}{\376\377\116\062\200\124}{subsection.5.1}% 23
\BOOKMARK [3][-]{subsubsection.5.1.2}{\376\377\136\166\200\124}{subsection.5.1}% 24
\BOOKMARK [3][-]{subsubsection.5.1.3}{\376\377\215\037\123\315\231\210}{subsection.5.1}% 25
\BOOKMARK [3][-]{subsubsection.5.1.4}{\376\377\153\143\123\315\231\210}{subsection.5.1}% 26
\BOOKMARK [2][-]{subsection.5.2}{\376\377\213\357\135\356\117\040\220\022\121\375\145\160}{section.5}% 27
\BOOKMARK [2][-]{subsection.5.3}{\376\377\145\271\127\127\126\376\123\026\173\200\153\145\232\244}{section.5}% 28
\BOOKMARK [2][-]{subsection.5.4}{\376\377\117\341\123\367\155\101\126\376\116\016\150\205\150\356\121\154\137\017}{section.5}% 29
\BOOKMARK [1][-]{section.6}{\376\377\145\366\127\337\122\006\147\220}{}% 30
\BOOKMARK [2][-]{subsection.6.1}{\376\377\121\170\127\213\217\223\121\145\117\341\123\367}{section.6}% 31
\BOOKMARK [2][-]{subsection.6.2}{\376\377\145\366\127\337\140\047\200\375\143\007\150\007}{section.6}% 32
\BOOKMARK [2][-]{subsection.6.3}{\376\377\116\000\226\066\174\373\176\337\122\006\147\220}{section.6}% 33
\BOOKMARK [2][-]{subsection.6.4}{\376\377\150\007\121\306\116\214\226\066\174\373\176\337}{section.6}% 34
\BOOKMARK [2][-]{subsection.6.5}{\376\377\226\073\134\074\153\324\133\371\174\373\176\337\124\315\136\224\166\204\137\161\124\315}{section.6}% 35
\BOOKMARK [2][-]{subsection.6.6}{\376\377\116\214\226\066\174\373\176\337\140\047\200\375\143\007\150\007\121\154\137\017}{section.6}% 36
\BOOKMARK [2][-]{subsection.6.7}{\376\377\116\214\226\066\174\373\176\337\213\241\173\227\152\041\147\177}{section.6}% 37
\BOOKMARK [1][-]{section.7}{\376\377\172\063\140\001\213\357\135\356}{}% 38
\BOOKMARK [2][-]{subsection.7.1}{\376\377\172\063\140\001\213\357\135\356\133\232\116\111}{section.7}% 39
\BOOKMARK [2][-]{subsection.7.2}{\376\377\174\373\176\337\127\213\122\053}{section.7}% 40
\BOOKMARK [2][-]{subsection.7.3}{\376\377\227\131\140\001\213\357\135\356\174\373\145\160}{section.7}% 41
\BOOKMARK [2][-]{subsection.7.4}{\376\377\121\170\127\213\217\223\121\145\116\013\172\063\140\001\213\357\135\356}{section.7}% 42
\BOOKMARK [2][-]{subsection.7.5}{\376\377\174\373\176\337\127\213\122\053\116\016\172\063\140\001\213\357\135\356\121\163\174\373}{section.7}% 43
\BOOKMARK [2][-]{subsection.7.6}{\376\377\172\063\140\001\213\357\135\356\211\343\230\230\153\145\232\244}{section.7}% 44
\BOOKMARK [1][-]{section.8}{\376\377\172\063\133\232\140\047\122\006\147\220}{}% 45
\BOOKMARK [2][-]{subsection.8.1}{\376\377\172\063\133\232\140\047\166\204\127\372\147\054\151\202\137\365}{section.8}% 46
\BOOKMARK [2][-]{subsection.8.2}{\376\377\162\171\137\201\145\271\172\013}{section.8}% 47
\BOOKMARK [2][-]{subsection.8.3}{\376\377\172\063\133\232\166\204\137\305\211\201\147\141\116\366}{section.8}% 48
\BOOKMARK [2][-]{subsection.8.4}{\376\377\122\263\145\257\172\063\133\232\122\044\143\156}{section.8}% 49
\BOOKMARK [2][-]{subsection.8.5}{\376\377\122\263\145\257\122\044\143\156\162\171\153\212\140\305\121\265}{section.8}% 50
\BOOKMARK [3][-]{subsubsection.8.5.1}{\376\377\173\054\116\000\122\027\121\372\163\260\226\366}{subsection.8.5}% 51
\BOOKMARK [3][-]{subsubsection.8.5.2}{\376\377\147\320\116\000\210\114\121\150\116\072\226\366}{subsection.8.5}% 52
\BOOKMARK [2][-]{subsection.8.6}{\376\377\122\263\145\257\122\044\143\156\211\343\230\230\152\041\147\177}{section.8}% 53
\BOOKMARK [1][-]{section.9}{\376\377\150\071\217\150\217\371\154\325}{}% 54
\BOOKMARK [2][-]{subsection.9.1}{\376\377\150\071\217\150\217\371\166\204\133\232\116\111}{section.9}% 55
\BOOKMARK [2][-]{subsection.9.2}{\376\377\150\071\217\150\217\371\127\372\147\054\147\141\116\366}{section.9}% 56
\BOOKMARK [2][-]{subsection.9.3}{\376\377\150\071\217\150\217\371\176\330\122\066\211\304\122\031}{section.9}% 57
\BOOKMARK [2][-]{subsection.9.4}{\376\377\122\006\171\273\160\271\116\016\117\032\124\010\160\271}{section.9}% 58
\BOOKMARK [2][-]{subsection.9.5}{\376\377\116\016\206\132\217\164\116\244\160\271}{section.9}% 59
\BOOKMARK [2][-]{subsection.9.6}{\376\377\150\071\217\150\217\371\116\016\174\373\176\337\140\047\200\375}{section.9}% 60
\BOOKMARK [1][-]{section.10}{\376\377\230\221\127\337\122\006\147\220}{}% 61
\BOOKMARK [2][-]{subsection.10.1}{\376\377\230\221\163\207\162\171\140\047\166\204\133\232\116\111}{section.10}% 62
\BOOKMARK [2][-]{subsection.10.2}{\376\377\000B\000o\000d\000e\000\040\126\376}{section.10}% 63
\BOOKMARK [2][-]{subsection.10.3}{\376\377\121\170\127\213\163\257\202\202\000\040\000B\000o\000d\000e\000\040\126\376}{section.10}% 64
\BOOKMARK [2][-]{subsection.10.4}{\376\377\217\154\142\230\230\221\163\207}{section.10}% 65
\BOOKMARK [2][-]{subsection.10.5}{\376\377\172\063\133\232\210\325\136\246}{section.10}% 66
\BOOKMARK [3][-]{subsubsection.10.5.1}{\376\377\136\105\120\074\172\177\215\212\230\221\163\207}{subsection.10.5}% 67
\BOOKMARK [3][-]{subsubsection.10.5.2}{\376\377\166\370\117\115\172\177\215\212\230\221\163\207}{subsection.10.5}% 68
\BOOKMARK [3][-]{subsubsection.10.5.3}{\376\377\166\370\117\115\210\325\136\246}{subsection.10.5}% 69
\BOOKMARK [3][-]{subsubsection.10.5.4}{\376\377\136\105\120\074\210\325\136\246}{subsection.10.5}% 70
\BOOKMARK [2][-]{subsection.10.6}{\376\377\000N\000y\000q\000u\000i\000s\000t\000\040\172\063\133\232\122\044\143\156}{section.10}% 71
\BOOKMARK [2][-]{subsection.10.7}{\376\377\230\221\127\337\140\047\200\375\116\016\145\366\127\337\140\047\200\375\121\163\174\373}{section.10}% 72
\BOOKMARK [1][-]{section.11}{\376\377\174\373\176\337\150\041\153\143\116\016\000\040\000P\000I\000D\000\040\143\247\122\066}{}% 73
\BOOKMARK [2][-]{subsection.11.1}{\376\377\174\373\176\337\150\041\153\143\166\204\166\356\166\204}{section.11}% 74
\BOOKMARK [2][-]{subsection.11.2}{\376\377\116\062\200\124\150\041\153\143}{section.11}% 75
\BOOKMARK [2][-]{subsection.11.3}{\376\377\215\205\122\115\150\041\153\143}{section.11}% 76
\BOOKMARK [2][-]{subsection.11.4}{\376\377\156\336\124\016\150\041\153\143}{section.11}% 77
\BOOKMARK [2][-]{subsection.11.5}{\376\377\156\336\124\016\000-\215\205\122\115\150\041\153\143}{section.11}% 78
\BOOKMARK [2][-]{subsection.11.6}{\376\377\000P\000I\000D\000\040\143\247\122\066}{section.11}% 79
\BOOKMARK [2][-]{subsection.11.7}{\376\377\000P\060\001\000I\060\001\000D\000\040\166\204\117\134\165\050}{section.11}% 80
\BOOKMARK [1][-]{section.12}{\376\377\162\266\140\001\172\172\225\364\122\006\147\220\127\372\170\100}{}% 81
\BOOKMARK [2][-]{subsection.12.1}{\376\377\162\266\140\001\172\172\225\364\152\041\127\213}{section.12}% 82
\BOOKMARK [2][-]{subsection.12.2}{\376\377\165\061\162\266\140\001\172\172\225\364\154\102\117\040\220\022\121\375\145\160}{section.12}% 83
\BOOKMARK [2][-]{subsection.12.3}{\376\377\162\266\140\001\217\154\171\373\167\351\226\065}{section.12}% 84
\BOOKMARK [2][-]{subsection.12.4}{\376\377\123\357\143\247\140\047}{section.12}% 85
\BOOKMARK [2][-]{subsection.12.5}{\376\377\123\357\211\302\140\047}{section.12}% 86
\BOOKMARK [1][-]{section.13}{\376\377\171\273\145\143\143\247\122\066\174\373\176\337\127\372\170\100}{}% 87
\BOOKMARK [2][-]{subsection.13.1}{\376\377\221\307\150\067\174\373\176\337}{section.13}% 88
\BOOKMARK [2][-]{subsection.13.2}{\376\377\000z\000\040\123\330\143\142}{section.13}% 89
\BOOKMARK [2][-]{subsection.13.3}{\376\377\217\336\176\355\174\373\176\337\116\016\171\273\145\143\174\373\176\337\172\063\133\232\123\072\127\337}{section.13}% 90
\BOOKMARK [1][-]{section.14}{\376\377\227\136\176\277\140\047\174\373\176\337\127\372\170\100}{}% 91
\BOOKMARK [2][-]{subsection.14.1}{\376\377\227\136\176\277\140\047\174\373\176\337\162\171\160\271}{section.14}% 92
\BOOKMARK [2][-]{subsection.14.2}{\376\377\176\277\140\047\123\026}{section.14}% 93
\BOOKMARK [1][-]{section.15}{\376\377\121\170\127\213\230\230\127\213\116\016\211\343\230\230\152\041\147\177}{}% 94
\BOOKMARK [2][-]{subsection.15.1}{\376\377\230\230\127\213\116\000\377\032\154\102\225\355\163\257\117\040\220\022\121\375\145\160}{section.15}% 95
\BOOKMARK [2][-]{subsection.15.2}{\376\377\230\230\127\213\116\214\377\032\122\044\145\255\174\373\176\337\172\063\133\232\140\047}{section.15}% 96
\BOOKMARK [2][-]{subsection.15.3}{\376\377\230\230\127\213\116\011\377\032\154\102\172\063\140\001\213\357\135\356}{section.15}% 97
\BOOKMARK [2][-]{subsection.15.4}{\376\377\230\230\127\213\126\333\377\032\116\214\226\066\174\373\176\337\140\047\200\375\143\007\150\007}{section.15}% 98
\BOOKMARK [2][-]{subsection.15.5}{\376\377\230\230\127\213\116\224\377\032\165\073\150\071\217\150\217\371}{section.15}% 99
\BOOKMARK [2][-]{subsection.15.6}{\376\377\230\230\127\213\121\155\377\032\000B\000o\000d\000e\000\040\126\376\116\016\172\063\133\232\210\325\136\246}{section.15}% 100
\BOOKMARK [1][-]{section.16}{\376\377\136\070\165\050\121\154\137\017\220\037\147\345}{}% 101
\BOOKMARK [2][-]{subsection.16.1}{\376\377\225\355\163\257\117\040\220\022\121\375\145\160}{section.16}% 102
\BOOKMARK [2][-]{subsection.16.2}{\376\377\116\214\226\066\174\373\176\337}{section.16}% 103
\BOOKMARK [2][-]{subsection.16.3}{\376\377\172\063\140\001\213\357\135\356}{section.16}% 104
\BOOKMARK [2][-]{subsection.16.4}{\376\377\122\263\145\257\122\044\143\156}{section.16}% 105
\BOOKMARK [2][-]{subsection.16.5}{\376\377\150\071\217\150\217\371}{section.16}% 106
\BOOKMARK [2][-]{subsection.16.6}{\376\377\230\221\127\337\143\007\150\007}{section.16}% 107
\BOOKMARK [1][-]{section.17}{\376\377\133\271\146\023\121\372\225\031\166\204\127\060\145\271}{}% 108
\BOOKMARK [1][-]{section.18}{\376\377\147\037\147\053\131\015\116\140\136\372\213\256}{}% 109
\BOOKMARK [2][-]{subsection.18.1}{\376\377\173\054\116\000\217\156\377\032\137\305\230\173\143\214\143\341}{section.18}% 110
\BOOKMARK [2][-]{subsection.18.2}{\376\377\173\054\116\214\217\156\377\032\143\320\232\330\122\006\145\160}{section.18}% 111
\BOOKMARK [2][-]{subsection.18.3}{\376\377\173\054\116\011\217\156\377\032\147\345\157\017\210\145\177\072}{section.18}% 112
\BOOKMARK [1][-]{section.19}{\376\377\200\003\122\115\220\037\213\260\123\343\213\300}{}% 113
\BOOKMARK [1][-]{section.20}{\376\377\116\000\230\165\137\017\150\070\137\303\140\073\176\323}{}% 114
