\BOOKMARK [1][-]{section.1}{\376\377\213\376\172\013\127\372\147\054\117\341\140\157}{}% 1
\BOOKMARK [1][-]{section.2}{\376\377\123\302\200\003\116\146\166\356}{}% 2
\BOOKMARK [1][-]{section.3}{\376\377\147\054\133\146\147\037\227\000\211\201\143\214\143\341\166\204\116\073\211\201\121\205\133\271}{}% 3
\BOOKMARK [2][-]{subsection.3.1}{\376\377\123\237\164\006\116\016\147\072\122\066}{section.3}% 4
\BOOKMARK [2][-]{subsection.3.2}{\376\377\152\041\127\213\116\016\150\007\121\306}{section.3}% 5
\BOOKMARK [2][-]{subsection.3.3}{\376\377\133\236\163\260\145\271\154\325}{section.3}% 6
\BOOKMARK [1][-]{section.4}{\376\377\200\003\150\070\145\271\137\017}{}% 7
\BOOKMARK [1][-]{section.5}{\376\377\173\054\116\000\213\262\377\032\213\241\173\227\147\072\174\373\176\337\176\304\142\020\151\202\217\360}{}% 8
\BOOKMARK [1][-]{section.6}{\376\377\116\300\116\110\146\057\213\241\173\227\147\072\174\373\176\337}{}% 9
\BOOKMARK [1][-]{section.7}{\376\377\116\072\116\300\116\110\133\146\116\140\213\241\173\227\147\072\176\304\142\020\123\237\164\006}{}% 10
\BOOKMARK [2][-]{subsection.7.1}{\376\377\172\013\136\217\142\147\210\114\136\166\116\015\123\352\165\061\232\330\176\247\213\355\212\000\121\263\133\232}{section.7}% 11
\BOOKMARK [1][-]{section.8}{\376\377\121\170\127\213\172\013\136\217\225\356\230\230\122\006\147\220}{}% 12
\BOOKMARK [2][-]{subsection.8.1}{\376\377\145\160\176\304\154\102\124\214\172\013\136\217\116\055\166\204\137\002\136\070}{section.8}% 13
\BOOKMARK [2][-]{subsection.8.2}{\376\377\145\164\145\160\116\130\154\325\156\242\121\372\225\356\230\230}{section.8}% 14
\BOOKMARK [2][-]{subsection.8.3}{\376\377\145\164\145\160\123\326\215\037\116\016\153\324\217\203\225\356\230\230}{section.8}% 15
\BOOKMARK [2][-]{subsection.8.4}{\376\377\122\250\140\001\121\205\133\130\122\006\221\115\116\055\166\204\145\164\145\160\156\242\121\372}{section.8}% 16
\BOOKMARK [2][-]{subsection.8.5}{\376\377\150\074\137\017\123\026\217\223\121\372\116\016\123\302\145\160\117\040\220\022\225\356\230\230}{section.8}% 17
\BOOKMARK [2][-]{subsection.8.6}{\376\377\145\160\176\304\215\212\165\114\116\016\150\010\136\003\134\100\225\356\230\230}{section.8}% 18
\BOOKMARK [2][-]{subsection.8.7}{\376\377\145\160\176\304\213\277\225\356\230\172\136\217\116\016\000\040\000C\000a\000c\000h\000e\000\040\140\047\200\375\225\356\230\230}{section.8}% 19
\BOOKMARK [1][-]{section.9}{\376\377\174\373\176\337\140\035\176\364}{}% 20
\BOOKMARK [2][-]{subsection.9.1}{\376\377\174\373\176\337\140\035\176\364\166\204\127\372\147\054\213\244\213\306}{section.9}% 21
\BOOKMARK [2][-]{subsection.9.2}{\376\377\174\373\176\337\140\035\176\364\166\204\221\315\211\201\140\047}{section.9}% 22
\BOOKMARK [1][-]{section.10}{\376\377\213\241\173\227\147\072\174\373\176\337\166\204\142\275\214\141\134\102\153\041}{}% 23
\BOOKMARK [1][-]{section.11}{\376\377\173\227\147\057\220\073\217\221\123\125\121\103\000\040\000A\000L\000U}{}% 24
\BOOKMARK [2][-]{subsection.11.1}{\376\377\000A\000L\000U\000\040\166\204\133\232\116\111}{section.11}% 25
\BOOKMARK [2][-]{subsection.11.2}{\376\377\000A\000L\000U\000\040\166\204\116\073\211\201\122\237\200\375}{section.11}% 26
\BOOKMARK [2][-]{subsection.11.3}{\376\377\145\160\143\156\210\150\171\072\137\142\137\017}{section.11}% 27
\BOOKMARK [2][-]{subsection.11.4}{\376\377\000A\000L\000U\000\040\166\204\123\206\123\362}{section.11}% 28
\BOOKMARK [2][-]{subsection.11.5}{\376\377\173\200\123\125\000\040\0001\000\040\117\115\000\040\000A\000L\000U}{section.11}% 29
\BOOKMARK [1][-]{section.12}{\376\377\213\376\172\013\133\146\116\140\166\204\150\070\137\303\176\323\213\272}{}% 30
