\BOOKMARK [1][-]{section.1}{\376\377\131\015\116\140\117\030\121\110\176\247\116\016\200\003\213\325\133\374\124\021}{}% 1
\BOOKMARK [1][-]{section.2}{\376\377\145\160\133\146\230\204\131\007\167\345\213\306}{}% 2
\BOOKMARK [2][-]{subsection.2.1}{\376\377\124\021\221\317\116\016\167\351\226\065\127\372\170\100\000\040\000P\0000\000\040\137\305\200\003}{section.2}% 3
\BOOKMARK [2][-]{subsection.2.2}{\376\377\136\070\165\050\116\015\173\111\137\017\000\040\000P\0001\000\040\232\330\230\221}{section.2}% 4
\BOOKMARK [1][-]{section.3}{\376\377\121\370\226\306}{}% 5
\BOOKMARK [2][-]{subsection.3.1}{\376\377\121\370\226\306\166\204\133\232\116\111\000\040\000P\0000\000\040\137\305\200\003}{section.3}% 6
\BOOKMARK [2][-]{subsection.3.2}{\376\377\121\370\176\304\124\010\116\016\121\370\123\005\000\040\000P\0000\000\040\137\305\200\003}{section.3}% 7
\BOOKMARK [2][-]{subsection.3.3}{\376\377\116\377\134\004\226\306\060\001\225\045\116\016\121\370\225\045\000\040\000P\0001\000\040\232\330\230\221}{section.3}% 8
\BOOKMARK [2][-]{subsection.3.4}{\376\377\136\070\211\301\121\370\226\306\000\040\000P\0000\000\040\137\305\200\003}{section.3}% 9
\BOOKMARK [2][-]{subsection.3.5}{\376\377\121\370\226\306\166\204\117\335\121\370\217\320\173\227\000\040\000P\0000\000\040\137\305\200\003}{section.3}% 10
\BOOKMARK [2][-]{subsection.3.6}{\376\377\213\301\146\016\226\306\124\010\121\370\140\047\166\204\136\070\165\050\145\271\154\325\000\040\000P\0000\000\040\137\305\200\003}{section.3}% 11
\BOOKMARK [2][-]{subsection.3.7}{\376\377\117\213\230\230\377\032\213\301\146\016\123\112\172\172\225\364\146\057\121\370\226\306\000\040\000P\0000\000\040\137\305\200\003}{section.3}% 12
\BOOKMARK [2][-]{subsection.3.8}{\376\377\117\213\230\230\377\032\213\301\146\016\203\003\145\160\164\003\146\057\121\370\226\306\000\040\000P\0000\000\040\137\305\200\003}{section.3}% 13
\BOOKMARK [2][-]{subsection.3.9}{\376\377\117\213\230\230\377\032\213\301\146\016\123\112\153\143\133\232\225\045\146\057\121\370\226\306\000\040\000P\0000\000\040\137\305\200\003}{section.3}% 14
\BOOKMARK [2][-]{subsection.3.10}{\376\377\121\370\226\306\176\303\116\140\230\230}{section.3}% 15
\BOOKMARK [1][-]{section.4}{\376\377\121\370\121\375\145\160}{}% 16
\BOOKMARK [2][-]{subsection.4.1}{\376\377\121\370\121\375\145\160\133\232\116\111\000\040\000P\0000\000\040\137\305\200\003}{section.4}% 17
\BOOKMARK [2][-]{subsection.4.2}{\376\377\116\045\150\074\121\370\116\016\137\072\121\370\000\040\000P\0000\000\040\137\305\200\003}{section.4}% 18
\BOOKMARK [2][-]{subsection.4.3}{\376\377\121\371\121\375\145\160\000\040\000P\0000\000\040\137\305\200\003}{section.4}% 19
\BOOKMARK [2][-]{subsection.4.4}{\376\377\121\370\121\375\145\160\166\204\116\000\226\066\122\044\122\053\147\141\116\366\000\040\000P\0000\000\040\137\305\200\003}{section.4}% 20
\BOOKMARK [2][-]{subsection.4.5}{\376\377\121\370\121\375\145\160\166\204\116\214\226\066\122\044\122\053\147\141\116\366\000\040\000P\0000\000\040\137\305\200\003}{section.4}% 21
\BOOKMARK [2][-]{subsection.4.6}{\376\377\116\012\126\376\116\016\121\370\121\375\145\160\000\040\000P\0001\000\040\232\330\230\221}{section.4}% 22
\BOOKMARK [2][-]{subsection.4.7}{\376\377\116\013\154\064\136\163\226\306\000\040\000P\0001\000\040\232\330\230\221}{section.4}% 23
\BOOKMARK [2][-]{subsection.4.8}{\376\377\136\070\211\301\121\370\121\375\145\160\210\150\000\040\000P\0000\000\040\137\305\200\003}{section.4}% 24
\BOOKMARK [2][-]{subsection.4.9}{\376\377\121\370\121\375\145\160\166\204\117\335\121\370\217\320\173\227\000\040\000P\0000\000\040\137\305\200\003}{section.4}% 25
\BOOKMARK [2][-]{subsection.4.10}{\376\377\213\301\146\016\121\375\145\160\121\370\140\047\166\204\136\070\165\050\145\271\154\325\000\040\000P\0000\000\040\137\305\200\003}{section.4}% 26
\BOOKMARK [2][-]{subsection.4.11}{\376\377\117\213\230\230\377\032\213\301\146\016\203\003\145\160\146\057\121\370\121\375\145\160\000\040\000P\0000\000\040\137\305\200\003}{section.4}% 27
\BOOKMARK [2][-]{subsection.4.12}{\376\377\117\213\230\230\377\032\122\044\145\255\116\214\153\041\121\375\145\160\121\370\140\047\000\040\000P\0000\000\040\137\305\200\003}{section.4}% 28
\BOOKMARK [2][-]{subsection.4.13}{\376\377\117\213\230\230\377\032\213\301\146\016\000\040\000l\000o\000g\000-\000s\000u\000m\000-\000e\000x\000p\000\040\121\375\145\160\121\370\000\040\000P\0001\000\040\232\330\230\221}{section.4}% 29
\BOOKMARK [2][-]{subsection.4.14}{\376\377\121\370\121\375\145\160\176\303\116\140\230\230}{section.4}% 30
\BOOKMARK [1][-]{section.5}{\376\377\121\370\117\030\123\026\225\356\230\230\166\204\150\007\121\306\137\142\137\017}{}% 31
\BOOKMARK [2][-]{subsection.5.1}{\376\377\150\007\121\306\137\142\137\017\000\040\000P\0000\000\040\137\305\200\003}{section.5}% 32
\BOOKMARK [2][-]{subsection.5.2}{\376\377\123\357\210\114\226\306\000\040\000P\0000\000\040\137\305\200\003}{section.5}% 33
\BOOKMARK [2][-]{subsection.5.3}{\376\377\147\000\117\030\120\074\116\016\147\000\117\030\211\343\000\040\000P\0000\000\040\137\305\200\003}{section.5}% 34
\BOOKMARK [2][-]{subsection.5.4}{\376\377\134\100\220\350\147\000\117\030\116\016\121\150\134\100\147\000\117\030\000\040\000P\0000\000\040\137\305\200\003}{section.5}% 35
\BOOKMARK [2][-]{subsection.5.5}{\376\377\116\045\150\074\121\370\166\356\150\007\116\013\166\204\125\057\116\000\140\047\000\040\000P\0000\000\040\137\305\200\003}{section.5}% 36
\BOOKMARK [2][-]{subsection.5.6}{\376\377\122\044\145\255\116\000\116\052\225\356\230\230\146\057\124\046\116\072\121\370\117\030\123\026\000\040\000P\0000\000\040\137\305\200\003}{section.5}% 37
\BOOKMARK [2][-]{subsection.5.7}{\376\377\117\213\230\230\377\032\122\044\145\255\146\057\124\046\116\072\121\370\117\030\123\026\225\356\230\230\000\040\000P\0000\000\040\137\305\200\003}{section.5}% 38
\BOOKMARK [2][-]{subsection.5.8}{\376\377\117\213\230\230\377\032\227\136\121\370\225\356\230\230\213\306\122\053\000\040\000P\0000\000\040\137\305\200\003}{section.5}% 39
\BOOKMARK [2][-]{subsection.5.9}{\376\377\150\007\121\306\137\142\137\017\176\303\116\140\230\230}{section.5}% 40
\BOOKMARK [1][-]{section.6}{\376\377\121\170\127\213\121\370\117\030\123\026\152\041\127\213}{}% 41
\BOOKMARK [2][-]{subsection.6.1}{\376\377\176\277\140\047\211\304\122\022\000\040\000L\000P\000\040\000P\0000\000\040\137\305\200\003}{section.6}% 42
\BOOKMARK [2][-]{subsection.6.2}{\376\377\116\214\153\041\211\304\122\022\000\040\000Q\000P\000\040\000P\0000\000\040\137\305\200\003}{section.6}% 43
\BOOKMARK [2][-]{subsection.6.3}{\376\377\121\370\116\214\153\041\176\246\147\137\116\214\153\041\211\304\122\022\000\040\000Q\000C\000Q\000P\000\040\000P\0001\000\040\232\330\230\221}{section.6}% 44
\BOOKMARK [2][-]{subsection.6.4}{\376\377\116\214\226\066\225\045\211\304\122\022\000\040\000S\000O\000C\000P\000\040\000P\0001\000\040\232\330\230\221}{section.6}% 45
\BOOKMARK [2][-]{subsection.6.5}{\376\377\123\112\133\232\211\304\122\022\000\040\000S\000D\000P\000\040\000P\0001\000\040\232\330\230\221}{section.6}% 46
\BOOKMARK [2][-]{subsection.6.6}{\376\377\147\000\134\017\116\214\116\130\225\356\230\230\000\040\000P\0000\000\040\137\305\200\003}{section.6}% 47
\BOOKMARK [2][-]{subsection.6.7}{\376\377\134\255\126\336\137\122\000\040\000R\000i\000d\000g\000e\000\040\000R\000e\000g\000r\000e\000s\000s\000i\000o\000n\000\040\000P\0001\000\040\232\330\230\221}{section.6}% 48
\BOOKMARK [2][-]{subsection.6.8}{\376\377\000L\000A\000S\000S\000O\000\040\000P\0001\000\040\232\330\230\221}{section.6}% 49
\BOOKMARK [2][-]{subsection.6.9}{\376\377\220\073\217\221\126\336\137\122\000\040\000P\0001\000\040\232\330\230\221}{section.6}% 50
\BOOKMARK [2][-]{subsection.6.10}{\376\377\161\265\147\000\131\047\123\026\000\040\000P\0001\000\040\232\330\230\221}{section.6}% 51
\BOOKMARK [2][-]{subsection.6.11}{\376\377\152\041\127\213\213\306\122\053\140\073\176\323}{section.6}% 52
\BOOKMARK [2][-]{subsection.6.12}{\376\377\152\041\127\213\117\213\230\230\377\032\147\000\131\047\120\074\217\154\150\007\121\306\137\142\137\017\000\040\000P\0000\000\040\137\305\200\003}{section.6}% 53
\BOOKMARK [2][-]{subsection.6.13}{\376\377\152\041\127\213\117\213\230\230\377\032\176\335\133\371\120\074\166\356\150\007\217\154\000\040\000L\000P\000\040\000P\0000\000\040\137\305\200\003}{section.6}% 54
\BOOKMARK [2][-]{subsection.6.14}{\376\377\121\170\127\213\152\041\127\213\176\303\116\140\230\230}{section.6}% 55
\BOOKMARK [1][-]{section.7}{\376\377\145\340\176\246\147\137\121\370\117\030\123\026}{}% 56
\BOOKMARK [2][-]{subsection.7.1}{\376\377\225\356\230\230\137\142\137\017\000\040\000P\0000\000\040\137\305\200\003}{section.7}% 57
\BOOKMARK [2][-]{subsection.7.2}{\376\377\123\357\137\256\140\305\121\265\116\013\166\204\116\000\226\066\147\000\117\030\140\047\147\141\116\366\000\040\000P\0000\000\040\137\305\200\003}{section.7}% 58
\BOOKMARK [2][-]{subsection.7.3}{\376\377\116\015\123\357\137\256\140\305\121\265\116\013\166\204\147\000\117\030\140\047\147\141\116\366\000\040\000P\0001\000\040\232\330\230\221}{section.7}% 59
\BOOKMARK [2][-]{subsection.7.4}{\376\377\116\214\153\041\121\375\145\160\166\204\145\340\176\246\147\137\147\000\134\017\123\026\000\040\000P\0000\000\040\137\305\200\003}{section.7}% 60
\BOOKMARK [2][-]{subsection.7.5}{\376\377\121\111\156\321\140\047\000\040\000P\0001\000\040\232\330\230\221}{section.7}% 61
\BOOKMARK [2][-]{subsection.7.6}{\376\377\137\072\121\370\140\047\000\040\000P\0000\000\040\137\305\200\003}{section.7}% 62
\BOOKMARK [2][-]{subsection.7.7}{\376\377\150\257\136\246\116\013\226\115\154\325\000\040\000P\0000\000\040\137\305\200\003}{section.7}% 63
\BOOKMARK [2][-]{subsection.7.8}{\376\377\162\133\230\177\154\325\000\040\000P\0001\000\040\232\330\230\221}{section.7}% 64
\BOOKMARK [2][-]{subsection.7.9}{\376\377\147\000\220\037\116\013\226\115\145\271\124\021\000\040\000P\0001\000\040\232\330\230\221}{section.7}% 65
\BOOKMARK [2][-]{subsection.7.10}{\376\377\117\213\230\230\377\032\147\000\134\017\116\214\116\130\166\204\147\000\117\030\211\343\000\040\000P\0000\000\040\137\305\200\003}{section.7}% 66
\BOOKMARK [2][-]{subsection.7.11}{\376\377\117\213\230\230\377\032\150\257\136\246\116\013\226\115\116\000\153\145\217\355\116\343\000\040\000P\0000\000\040\137\305\200\003}{section.7}% 67
\BOOKMARK [2][-]{subsection.7.12}{\376\377\117\213\230\230\377\032\137\072\121\370\140\047\116\016\125\057\116\000\211\343\000\040\000P\0000\000\040\137\305\200\003}{section.7}% 68
\BOOKMARK [2][-]{subsection.7.13}{\376\377\145\340\176\246\147\137\117\030\123\026\176\303\116\140\230\230}{section.7}% 69
\BOOKMARK [1][-]{section.8}{\376\377\221\315\160\271\176\374\124\010\117\213\230\230}{}% 70
\BOOKMARK [1][-]{section.9}{\376\377\176\374\124\010\176\303\116\140\230\230}{}% 71
\BOOKMARK [1][-]{section.10}{\376\377\176\374\124\010\176\303\116\140\230\230\123\302\200\003\173\124\150\110}{}% 72
\BOOKMARK [1][-]{section.11}{\376\377\200\003\122\115\220\037\213\260\156\005\123\125}{}% 73
\BOOKMARK [1][-]{section.12}{\376\377\147\000\124\016\131\015\116\140\136\372\213\256}{}% 74
