\BOOKMARK [1][-]{section.1}{\376\377\140\073\211\310\377\032\131\202\117\125\213\306\122\053\230\230\127\213}{}% 1
\BOOKMARK [2][-]{subsection.1.1}{\376\377\136\070\211\301\230\230\127\213\116\016\173\227\154\325\146\040\134\004}{section.1}% 2
\BOOKMARK [2][-]{subsection.1.2}{\376\377\000P\000y\000t\000h\000o\000n\000\040\172\336\215\133\127\372\147\054\150\106\147\266}{section.1}% 3
\BOOKMARK [2][-]{subsection.1.3}{\376\377\131\015\147\102\136\246\220\037\147\345}{section.1}% 4
\BOOKMARK [1][-]{section.2}{\376\377\127\372\170\100\173\227\154\325}{}% 5
\BOOKMARK [2][-]{subsection.2.1}{\376\377\143\222\136\217\116\016\201\352\133\232\116\111\143\222\136\217}{section.2}% 6
\BOOKMARK [2][-]{subsection.2.2}{\376\377\122\115\177\000\124\214}{section.2}% 7
\BOOKMARK [2][-]{subsection.2.3}{\376\377\116\214\176\364\122\115\177\000\124\214}{section.2}% 8
\BOOKMARK [2][-]{subsection.2.4}{\376\377\135\356\122\006\145\160\176\304}{section.2}% 9
\BOOKMARK [2][-]{subsection.2.5}{\376\377\171\273\145\143\123\026}{section.2}% 10
\BOOKMARK [2][-]{subsection.2.6}{\376\377\116\214\122\006\147\345\142\176}{section.2}% 11
\BOOKMARK [2][-]{subsection.2.7}{\376\377\116\214\122\006\173\124\150\110}{section.2}% 12
\BOOKMARK [1][-]{section.3}{\376\377\123\314\143\007\224\210\060\001\156\321\122\250\172\227\123\343\116\016\123\125\214\003\176\323\147\204}{}% 13
\BOOKMARK [2][-]{subsection.3.1}{\376\377\123\314\143\007\224\210}{section.3}% 14
\BOOKMARK [2][-]{subsection.3.2}{\376\377\156\321\122\250\172\227\123\343}{section.3}% 15
\BOOKMARK [2][-]{subsection.3.3}{\376\377\123\125\214\003\150\010}{section.3}% 16
\BOOKMARK [2][-]{subsection.3.4}{\376\377\123\125\214\003\226\037\122\027}{section.3}% 17
\BOOKMARK [1][-]{section.4}{\376\377\215\052\137\303}{}% 18
\BOOKMARK [2][-]{subsection.4.1}{\376\377\215\052\137\303\166\204\122\044\145\255\145\271\154\325}{section.4}% 19
\BOOKMARK [2][-]{subsection.4.2}{\376\377\123\072\225\364\214\003\136\246}{section.4}% 20
\BOOKMARK [2][-]{subsection.4.3}{\376\377\123\072\225\364\124\010\136\166}{section.4}% 21
\BOOKMARK [1][-]{section.5}{\376\377\145\160\143\156\176\323\147\204}{}% 22
\BOOKMARK [2][-]{subsection.5.1}{\376\377\130\006}{section.5}% 23
\BOOKMARK [2][-]{subsection.5.2}{\376\377\141\322\122\040\226\144\130\006}{section.5}% 24
\BOOKMARK [2][-]{subsection.5.3}{\376\377\136\166\147\345\226\306}{section.5}% 25
\BOOKMARK [2][-]{subsection.5.4}{\376\377\150\021\162\266\145\160\176\304}{section.5}% 26
\BOOKMARK [2][-]{subsection.5.5}{\376\377\176\277\153\265\150\021}{section.5}% 27
\BOOKMARK [2][-]{subsection.5.6}{\376\377\000S\000T\000\040\210\150}{section.5}% 28
\BOOKMARK [1][-]{section.6}{\376\377\126\376\213\272}{}% 29
\BOOKMARK [2][-]{subsection.6.1}{\376\377\136\372\126\376\152\041\147\177}{section.6}% 30
\BOOKMARK [2][-]{subsection.6.2}{\376\377\000B\000F\000S}{section.6}% 31
\BOOKMARK [2][-]{subsection.6.3}{\376\377\000D\000F\000S}{section.6}% 32
\BOOKMARK [2][-]{subsection.6.4}{\376\377\142\323\142\121\143\222\136\217}{section.6}% 33
\BOOKMARK [2][-]{subsection.6.5}{\376\377\000D\000i\000j\000k\000s\000t\000r\000a}{section.6}% 34
\BOOKMARK [2][-]{subsection.6.6}{\376\377\000F\000l\000o\000y\000d}{section.6}% 35
\BOOKMARK [2][-]{subsection.6.7}{\376\377\147\000\134\017\165\037\142\020\150\021\000\040\000K\000r\000u\000s\000k\000a\000l}{section.6}% 36
\BOOKMARK [1][-]{section.7}{\376\377\122\250\140\001\211\304\122\022}{}% 37
\BOOKMARK [2][-]{subsection.7.1}{\376\377\000D\000P\000\040\213\276\213\241\126\333\153\145}{section.7}% 38
\BOOKMARK [2][-]{subsection.7.2}{\376\377\116\000\176\364\176\277\140\047\000\040\000D\000P}{section.7}% 39
\BOOKMARK [2][-]{subsection.7.3}{\376\377\147\000\225\177\116\012\123\107\133\120\136\217\122\027}{section.7}% 40
\BOOKMARK [2][-]{subsection.7.4}{\376\377\0000\0001\000\040\200\314\123\005}{section.7}% 41
\BOOKMARK [2][-]{subsection.7.5}{\376\377\133\214\121\150\200\314\123\005}{section.7}% 42
\BOOKMARK [2][-]{subsection.7.6}{\376\377\123\072\225\364\000\040\000D\000P}{section.7}% 43
\BOOKMARK [2][-]{subsection.7.7}{\376\377\150\021\137\142\000\040\000D\000P}{section.7}% 44
\BOOKMARK [2][-]{subsection.7.8}{\376\377\162\266\140\001\123\213\177\051\000\040\000D\000P}{section.7}% 45
\BOOKMARK [2][-]{subsection.7.9}{\376\377\145\160\117\115\000\040\000D\000P}{section.7}% 46
\BOOKMARK [1][-]{section.8}{\376\377\145\160\133\146\116\016\145\160\213\272}{}% 47
\BOOKMARK [2][-]{subsection.8.1}{\376\377\147\000\131\047\121\154\176\246\145\160\116\016\147\000\134\017\121\154\120\015\145\160}{section.8}% 48
\BOOKMARK [2][-]{subsection.8.2}{\376\377\137\353\220\037\136\102}{section.8}% 49
\BOOKMARK [2][-]{subsection.8.3}{\376\377\220\006\121\103}{section.8}% 50
\BOOKMARK [2][-]{subsection.8.4}{\376\377\176\304\124\010\145\160\230\204\131\004\164\006}{section.8}% 51
\BOOKMARK [2][-]{subsection.8.5}{\376\377\175\040\145\160\173\133}{section.8}% 52
\BOOKMARK [2][-]{subsection.8.6}{\376\377\215\050\126\340\145\160\122\006\211\343}{section.8}% 53
\BOOKMARK [2][-]{subsection.8.7}{\376\377\167\351\226\065\137\353\220\037\136\102}{section.8}% 54
\BOOKMARK [1][-]{section.9}{\376\377\133\127\173\046\116\062\173\227\154\325}{}% 55
\BOOKMARK [2][-]{subsection.9.1}{\376\377\000K\000M\000P}{section.9}% 56
\BOOKMARK [2][-]{subsection.9.2}{\376\377\000T\000r\000i\000e\000\040\133\127\121\170\150\021}{section.9}% 57
\BOOKMARK [2][-]{subsection.9.3}{\376\377\133\127\173\046\116\062\124\310\136\014}{section.9}% 58
\BOOKMARK [2][-]{subsection.9.4}{\376\377\000M\000a\000n\000a\000c\000h\000e\000r}{section.9}% 59
\BOOKMARK [1][-]{section.10}{\376\377\144\034\175\042\060\001\126\336\156\257\116\016\122\152\147\235}{}% 60
\BOOKMARK [2][-]{subsection.10.1}{\376\377\126\336\156\257\152\041\147\177}{section.10}% 61
\BOOKMARK [2][-]{subsection.10.2}{\376\377\000M\000e\000e\000t\000\040\000i\000n\000\040\000t\000h\000e\000\040\000M\000i\000d\000d\000l\000e}{section.10}% 62
\BOOKMARK [1][-]{section.11}{\376\377\117\115\217\320\173\227}{}% 63
\BOOKMARK [2][-]{subsection.11.1}{\376\377\136\070\165\050\142\200\135\347}{section.11}% 64
\BOOKMARK [2][-]{subsection.11.2}{\376\377\147\232\116\076\133\120\226\306}{section.11}% 65
\BOOKMARK [1][-]{section.12}{\376\377\142\153\143\317\176\277\116\016\123\072\225\364\211\206\166\326}{}% 66
\BOOKMARK [2][-]{subsection.12.1}{\376\377\147\000\131\047\221\315\123\340\123\072\225\364\145\160\221\317}{section.12}% 67
\BOOKMARK [2][-]{subsection.12.2}{\376\377\145\164\145\160\225\355\123\072\225\364\211\206\166\326}{section.12}% 68
\BOOKMARK [1][-]{section.13}{\376\377\123\132\137\010\213\272}{}% 69
\BOOKMARK [2][-]{subsection.13.1}{\376\377\000N\000i\000m\000\040\156\070\142\017}{section.13}% 70
\BOOKMARK [2][-]{subsection.13.2}{\376\377\000S\000G\000\040\121\375\145\160}{section.13}% 71
\BOOKMARK [1][-]{section.14}{\376\377\136\070\211\301\176\374\124\010\230\230\127\213}{}% 72
\BOOKMARK [2][-]{subsection.14.1}{\376\377\147\000\120\074\000\040\000+\000\040\123\357\210\114\140\047}{section.14}% 73
\BOOKMARK [2][-]{subsection.14.2}{\376\377\123\072\225\364\117\356\145\071\000\040\000+\000\040\123\072\225\364\147\345\213\342}{section.14}% 74
\BOOKMARK [2][-]{subsection.14.3}{\376\377\217\336\220\032\127\127\225\356\230\230}{section.14}% 75
\BOOKMARK [2][-]{subsection.14.4}{\376\377\213\241\145\160\123\326\152\041}{section.14}% 76
\BOOKMARK [2][-]{subsection.14.5}{\376\377\133\127\173\046\116\062\123\071\221\115}{section.14}% 77
\BOOKMARK [1][-]{section.15}{\376\377\153\324\215\133\133\236\165\050\142\200\135\347}{}% 78
\BOOKMARK [2][-]{subsection.15.1}{\376\377\213\373\230\230\230\172\136\217}{section.15}% 79
\BOOKMARK [2][-]{subsection.15.2}{\376\377\000P\000y\000t\000h\000o\000n\000\040\136\070\211\301\127\121}{section.15}% 80
\BOOKMARK [2][-]{subsection.15.3}{\376\377\155\156\160\271\116\214\122\006\152\041\147\177}{section.15}% 81
\BOOKMARK [2][-]{subsection.15.4}{\376\377\136\070\165\050\123\326\152\041\121\231\154\325}{section.15}% 82
\BOOKMARK [1][-]{section.16}{\376\377\215\133\122\115\131\015\116\140\156\005\123\125}{}% 83
\BOOKMARK [1][-]{section.17}{\376\377\147\000\124\016\166\204\220\011\127\213\123\343\213\300}{}% 84
